Log file open, 09/11/22 16:34:17
LogWindows: Failed to load 'aqProf.dll' (GetLastError=126)
LogWindows: File 'aqProf.dll' does not exist
LogWindows: Failed to load 'VtuneApi.dll' (GetLastError=126)
LogWindows: File 'VtuneApi.dll' does not exist
LogWindows: Failed to load 'VtuneApi32e.dll' (GetLastError=126)
LogWindows: File 'VtuneApi32e.dll' does not exist
LogConsoleResponse: Display: Failed to find resolution value strings in scalability ini. Falling back to default.
LogConsoleResponse: Display: Failed to find resolution value strings in scalability ini. Falling back to default.
LogInit: Display: Running engine for game: KENDY
LogPlatformFile: Not using cached read wrapper
LogTaskGraph: Started task graph with 5 named threads and 23 total threads with 3 sets of task threads.
LogStats: Stats thread started at 0.316093
LogICUInternationalization: ICU TimeZone Detection - Raw Offset: +2:00, Platform Override: ''
LogInit: Display: Loading text-based GConfig....
LogPluginManager: Mounting plugin MeshPainting
LogPluginManager: Mounting plugin XGEController
LogPluginManager: Mounting plugin Paper2D
LogPluginManager: Mounting plugin AISupport
LogPluginManager: Mounting plugin LiveLink
LogPluginManager: Mounting plugin EnvironmentQueryEditor
LogPluginManager: Mounting plugin CameraShakePreviewer
LogPluginManager: Mounting plugin GameplayCameras
LogPluginManager: Mounting plugin LightPropagationVolume
LogPluginManager: Mounting plugin AnimationSharing
LogPluginManager: Mounting plugin CLionSourceCodeAccess
LogPluginManager: Mounting plugin CodeLiteSourceCodeAccess
LogPluginManager: Mounting plugin GitSourceControl
LogPluginManager: Mounting plugin KDevelopSourceCodeAccess
LogPluginManager: Mounting plugin NullSourceCodeAccess
LogPluginManager: Mounting plugin PixWinPlugin
LogPluginManager: Mounting plugin PerforceSourceControl
LogPluginManager: Mounting plugin PlasticSourceControl
LogPluginManager: Mounting plugin PluginUtils
LogPluginManager: Mounting plugin PropertyAccessNode
LogPluginManager: Mounting plugin RiderSourceCodeAccess
LogPluginManager: Mounting plugin TextureFormatOodle
LogPluginManager: Mounting plugin SubversionSourceControl
LogPluginManager: Mounting plugin OodleData
LogPluginManager: Mounting plugin UObjectPlugin
LogPluginManager: Mounting plugin XCodeSourceCodeAccess
LogPluginManager: Mounting plugin VisualStudioCodeSourceCodeAccess
LogPluginManager: Mounting plugin VisualStudioSourceCodeAccess
LogPluginManager: Mounting plugin OodleNetwork
LogPluginManager: Mounting plugin DatasmithContent
LogPluginManager: Mounting plugin AlembicImporter
LogPluginManager: Mounting plugin AutomationUtils
LogPluginManager: Mounting plugin BackChannel
LogPluginManager: Mounting plugin VariantManagerContent
LogPluginManager: Mounting plugin ChaosCloth
LogPluginManager: Mounting plugin ChaosClothEditor
LogPluginManager: Mounting plugin ChaosEditor
LogPluginManager: Mounting plugin ChaosSolverPlugin
LogPluginManager: Mounting plugin ChaosNiagara
LogPluginManager: Mounting plugin CharacterAI
LogPluginManager: Mounting plugin GeometryCache
LogPluginManager: Mounting plugin Niagara
LogPluginManager: Mounting plugin GeometryCollectionPlugin
LogPluginManager: Mounting plugin GeometryProcessing
LogPluginManager: Mounting plugin MotoSynth
LogPluginManager: Mounting plugin OpenImageDenoise
LogPluginManager: Mounting plugin PlanarCut
LogPluginManager: Mounting plugin PythonScriptPlugin
LogPluginManager: Mounting plugin ProxyLODPlugin
LogPluginManager: Mounting plugin PlatformCrypto
LogPluginManager: Mounting plugin SkeletalReduction
LogPluginManager: Mounting plugin AndroidMedia
LogPluginManager: Mounting plugin AvfMedia
LogPluginManager: Mounting plugin ImgMedia
LogPluginManager: Mounting plugin MediaCompositing
LogPluginManager: Mounting plugin LuminPlatformFeatures
LogPluginManager: Mounting plugin MediaPlayerEditor
LogPluginManager: Mounting plugin MagicLeap
LogPluginManager: Mounting plugin WebMMedia
LogPluginManager: Mounting plugin WmfMedia
LogPluginManager: Mounting plugin MagicLeapLightEstimation
LogPluginManager: Mounting plugin MagicLeapMedia
LogPluginManager: Mounting plugin MagicLeapPassableWorld
LogPluginManager: Mounting plugin MLSDK
LogPluginManager: Mounting plugin ActorSequence
LogPluginManager: Mounting plugin MatineeToLevelSequence
LogPluginManager: Mounting plugin LevelSequenceEditor
LogPluginManager: Mounting plugin TemplateSequence
LogPluginManager: Mounting plugin TcpMessaging
LogPluginManager: Mounting plugin UdpMessaging
LogPluginManager: Mounting plugin OnlineSubsystem
LogPluginManager: Mounting plugin OnlineSubsystemNull
LogPluginManager: Mounting plugin ActorLayerUtilities
LogPluginManager: Mounting plugin OnlineSubsystemUtils
LogPluginManager: Mounting plugin AndroidDeviceProfileSelector
LogPluginManager: Mounting plugin AndroidMoviePlayer
LogPluginManager: Mounting plugin AndroidPermission
LogPluginManager: Mounting plugin ApexDestruction
LogPluginManager: Mounting plugin AppleImageUtils
LogPluginManager: Mounting plugin AppleMoviePlayer
LogPluginManager: Mounting plugin ArchVisCharacter
LogPluginManager: Mounting plugin AudioCapture
LogPluginManager: Mounting plugin AssetTags
LogPluginManager: Mounting plugin AudioSynesthesia
LogPluginManager: Mounting plugin CableComponent
LogPluginManager: Mounting plugin CustomMeshComponent
LogPluginManager: Mounting plugin ChunkDownloader
LogPluginManager: Mounting plugin EditableMesh
LogPluginManager: Mounting plugin ExampleDeviceProfileSelector
LogPluginManager: Mounting plugin GoogleCloudMessaging
LogPluginManager: Mounting plugin GooglePAD
LogPluginManager: Mounting plugin LauncherChunkInstaller
LogPluginManager: Mounting plugin IOSDeviceProfileSelector
LogPluginManager: Mounting plugin LinuxDeviceProfileSelector
LogPluginManager: Mounting plugin LocationServicesBPLibrary
LogPluginManager: Mounting plugin MobilePatchingUtils
LogPluginManager: Mounting plugin OpenXR
LogPluginManager: Mounting plugin OpenXREyeTracker
LogPluginManager: Mounting plugin OpenXRHandTracking
LogPluginManager: Mounting plugin PhysXVehicles
LogPluginManager: Mounting plugin PostSplashScreen
LogPluginManager: Mounting plugin PropertyAccessEditor
LogPluginManager: Mounting plugin ProceduralMeshComponent
LogPluginManager: Mounting plugin RuntimePhysXCooking
LogPluginManager: Mounting plugin SignificanceManager
LogPluginManager: Mounting plugin SoundFields
LogPluginManager: Mounting plugin Synthesis
LogPluginManager: Mounting plugin ScreenshotTools
LogPluginManager: Mounting plugin WebMMoviePlayer
LogPluginManager: Mounting plugin WindowsMoviePlayer
LogPluginManager: Mounting plugin Takes
LogPluginManager: Mounting plugin AssetManagerEditor
LogPluginManager: Mounting plugin CryptoKeys
LogPluginManager: Mounting plugin CurveEditorTools
LogPluginManager: Mounting plugin FacialAnimation
LogPluginManager: Mounting plugin DataValidation
LogPluginManager: Mounting plugin GameplayTagsEditor
LogPluginManager: Mounting plugin GeometryMode
LogPluginManager: Mounting plugin MacGraphicsSwitching
LogPluginManager: Mounting plugin MaterialAnalyzer
LogPluginManager: Mounting plugin PluginBrowser
LogPluginManager: Mounting plugin SpeedTreeImporter
LogPluginManager: Mounting plugin MobileLauncherProfileWizard
LogPluginManager: Mounting plugin OnlineSubsystemGooglePlay
LogPluginManager: Mounting plugin OnlineSubsystemIOS
LogPluginManager: Mounting plugin OculusVR
LogPluginManager: Mounting plugin SteamVR
LogPluginManager: Mounting plugin ContentBrowserAssetDataSource
LogPluginManager: Mounting plugin ContentBrowserClassDataSource
LogPluginManager: Mounting plugin ContentBrowserFileDataSource
PixWinPlugin: PIX capture plugin failed to initialize! Check that the process is launched from PIX.
LogInit: Using libcurl 7.55.1-DEV
LogInit:  - built for x86_64-pc-win32
LogInit:  - supports SSL with OpenSSL/1.1.1
LogInit:  - supports HTTP deflate (compression) using libz 1.2.8
LogInit:  - other features:
LogInit:      CURL_VERSION_SSL
LogInit:      CURL_VERSION_LIBZ
LogInit:      CURL_VERSION_IPV6
LogInit:      CURL_VERSION_ASYNCHDNS
LogInit:      CURL_VERSION_LARGEFILE
LogInit:      CURL_VERSION_IDN
LogInit:  CurlRequestOptions (configurable via config and command line):
LogInit:  - bVerifyPeer = true  - Libcurl will verify peer certificate
LogInit:  - bUseHttpProxy = false  - Libcurl will NOT use HTTP proxy
LogInit:  - bDontReuseConnections = false  - Libcurl will reuse connections
LogInit:  - MaxHostConnections = 16  - Libcurl will limit the number of connections to a host
LogInit:  - LocalHostAddr = Default
LogInit:  - BufferSize = 65536
LogOnline: OSS: Creating online subsystem instance for: NULL
LogInit: WinSock: version 1.1 (2.2), MaxSocks=32767, MaxUdp=65467
LogOnline: OSS: TryLoadSubsystemAndSetDefault: Loaded subsystem for module [NULL]
LogOculusPluginWrapper: OculusPlugin initialized successfully
LogHMD: Failed initializing OVRPlugin 1.59.0
LogInit: Build: ++UE4+Release-4.27-CL-18319896
LogInit: Engine Version: 4.27.2-18319896+++UE4+Release-4.27
LogInit: Compatible Engine Version: 4.27.0-17155196+++UE4+Release-4.27
LogInit: Net CL: 17155196
LogInit: OS: Windows 10 (Release 2009) (), CPU: Intel(R) Core(TM) i7-6820HQ CPU @ 2.70GHz, GPU: Intel(R) HD Graphics 530
LogInit: Compiled (64-bit): Nov 30 2021 07:12:08
LogInit: Compiled with Visual C++: 19.24.28315.00
LogInit: Build Configuration: Development
LogInit: Branch Name: ++UE4+Release-4.27
LogInit: Command Line: 
LogInit: Base Directory: C:/Program Files/Epic Games/UE_4.27/Engine/Binaries/Win64/
LogInit: Allocator: TBB
LogInit: Installed Engine Build: 1
LogDevObjectVersion: Number of dev versions registered: 29
LogDevObjectVersion:   Dev-Blueprints (B0D832E4-1F89-4F0D-ACCF-7EB736FD4AA2): 10
LogDevObjectVersion:   Dev-Build (E1C64328-A22C-4D53-A36C-8E866417BD8C): 0
LogDevObjectVersion:   Dev-Core (375EC13C-06E4-48FB-B500-84F0262A717E): 4
LogDevObjectVersion:   Dev-Editor (E4B068ED-F494-42E9-A231-DA0B2E46BB41): 40
LogDevObjectVersion:   Dev-Framework (CFFC743F-43B0-4480-9391-14DF171D2073): 37
LogDevObjectVersion:   Dev-Mobile (B02B49B5-BB20-44E9-A304-32B752E40360): 3
LogDevObjectVersion:   Dev-Networking (A4E4105C-59A1-49B5-A7C5-40C4547EDFEE): 0
LogDevObjectVersion:   Dev-Online (39C831C9-5AE6-47DC-9A44-9C173E1C8E7C): 0
LogDevObjectVersion:   Dev-Physics (78F01B33-EBEA-4F98-B9B4-84EACCB95AA2): 14
LogDevObjectVersion:   Dev-Platform (6631380F-2D4D-43E0-8009-CF276956A95A): 0
LogDevObjectVersion:   Dev-Rendering (12F88B9F-8875-4AFC-A67C-D90C383ABD29): 45
LogDevObjectVersion:   Dev-Sequencer (7B5AE74C-D270-4C10-A958-57980B212A5A): 13
LogDevObjectVersion:   Dev-VR (D7296918-1DD6-4BDD-9DE2-64A83CC13884): 3
LogDevObjectVersion:   Dev-LoadTimes (C2A15278-BFE7-4AFE-6C17-90FF531DF755): 1
LogDevObjectVersion:   Private-Geometry (6EACA3D4-40EC-4CC1-B786-8BED09428FC5): 3
LogDevObjectVersion:   Dev-AnimPhys (29E575DD-E0A3-4627-9D10-D276232CDCEA): 17
LogDevObjectVersion:   Dev-Anim (AF43A65D-7FD3-4947-9873-3E8ED9C1BB05): 15
LogDevObjectVersion:   Dev-ReflectionCapture (6B266CEC-1EC7-4B8F-A30B-E4D90942FC07): 1
LogDevObjectVersion:   Dev-Automation (0DF73D61-A23F-47EA-B727-89E90C41499A): 1
LogDevObjectVersion:   FortniteMain (601D1886-AC64-4F84-AA16-D3DE0DEAC7D6): 47
LogDevObjectVersion:   FortniteRelease (E7086368-6B23-4C58-8439-1B7016265E91): 1
LogDevObjectVersion:   Dev-Enterprise (9DFFBCD6-494F-0158-E221-12823C92A888): 10
LogDevObjectVersion:   Dev-Niagara (F2AED0AC-9AFE-416F-8664-AA7FFA26D6FC): 1
LogDevObjectVersion:   Dev-Destruction (174F1F0B-B4C6-45A5-B13F-2EE8D0FB917D): 10
LogDevObjectVersion:   Dev-Physics-Ext (35F94A83-E258-406C-A318-09F59610247C): 41
LogDevObjectVersion:   Dev-PhysicsMaterial-Chaos (B68FC16E-8B1B-42E2-B453-215C058844FE): 1
LogDevObjectVersion:   Dev-CineCamera (B2E18506-4273-CFC2-A54E-F4BB758BBA07): 1
LogDevObjectVersion:   Dev-VirtualProduction (64F58936-FD1B-42BA-BA96-7289D5D0FA4E): 1
LogDevObjectVersion:   Dev-MediaFramework (6F0ED827-A609-4895-9C91-998D90180EA4): 2
LogInit: Presizing for max 25165824 objects, including 0 objects not considered by GC, pre-allocating 0 bytes for permanent pool.
LogConfig: Applying CVar settings from Section [/Script/Engine.StreamingSettings] File [C:/Users/Admin/Documents/GitHub/KENDY/KENDY/Saved/Config/Windows/Engine.ini]
LogConfig: Setting CVar [[s.MinBulkDataSizeForAsyncLoading:131072]]
LogConfig: Setting CVar [[s.AsyncLoadingThreadEnabled:0]]
LogConfig: Setting CVar [[s.EventDrivenLoaderEnabled:1]]
LogConfig: Setting CVar [[s.WarnIfTimeLimitExceeded:0]]
LogConfig: Setting CVar [[s.TimeLimitExceededMultiplier:1.5]]
LogConfig: Setting CVar [[s.TimeLimitExceededMinTime:0.005]]
LogConfig: Setting CVar [[s.UseBackgroundLevelStreaming:1]]
LogConfig: Setting CVar [[s.PriorityAsyncLoadingExtraTime:15.0]]
LogConfig: Setting CVar [[s.LevelStreamingActorsUpdateTimeLimit:5.0]]
LogConfig: Setting CVar [[s.PriorityLevelStreamingActorsUpdateExtraTime:5.0]]
LogConfig: Setting CVar [[s.LevelStreamingComponentsRegistrationGranularity:10]]
LogConfig: Setting CVar [[s.UnregisterComponentsTimeLimit:1.0]]
LogConfig: Setting CVar [[s.LevelStreamingComponentsUnregistrationGranularity:5]]
LogConfig: Setting CVar [[s.FlushStreamingOnExit:1]]
LogInit: Object subsystem initialized
LogConfig: Setting CVar [[con.DebugEarlyDefault:1]]
LogConfig: Setting CVar [[r.setres:1280x720]]
[2022.09.11-13.34.17:706][  0]LogConfig: Setting CVar [[r.VSync:0]]
[2022.09.11-13.34.17:706][  0]LogConfig: Setting CVar [[r.RHICmdBypass:0]]
[2022.09.11-13.34.17:706][  0]LogConfig: Applying CVar settings from Section [/Script/Engine.RendererSettings] File [C:/Users/Admin/Documents/GitHub/KENDY/KENDY/Saved/Config/Windows/Engine.ini]
[2022.09.11-13.34.17:706][  0]LogConfig: Setting CVar [[r.GPUCrashDebugging:0]]
[2022.09.11-13.34.17:706][  0]LogConfig: Applying CVar settings from Section [/Script/Engine.RendererOverrideSettings] File [C:/Users/Admin/Documents/GitHub/KENDY/KENDY/Saved/Config/Windows/Engine.ini]
[2022.09.11-13.34.17:706][  0]LogConfig: Applying CVar settings from Section [/Script/Engine.StreamingSettings] File [C:/Users/Admin/Documents/GitHub/KENDY/KENDY/Saved/Config/Windows/Engine.ini]
[2022.09.11-13.34.17:706][  0]LogConfig: Setting CVar [[s.MinBulkDataSizeForAsyncLoading:131072]]
[2022.09.11-13.34.17:706][  0]LogConfig: Setting CVar [[s.AsyncLoadingThreadEnabled:0]]
[2022.09.11-13.34.17:706][  0]LogConfig: Setting CVar [[s.EventDrivenLoaderEnabled:1]]
[2022.09.11-13.34.17:706][  0]LogConfig: Setting CVar [[s.WarnIfTimeLimitExceeded:0]]
[2022.09.11-13.34.17:706][  0]LogConfig: Setting CVar [[s.TimeLimitExceededMultiplier:1.5]]
[2022.09.11-13.34.17:706][  0]LogConfig: Setting CVar [[s.TimeLimitExceededMinTime:0.005]]
[2022.09.11-13.34.17:706][  0]LogConfig: Setting CVar [[s.UseBackgroundLevelStreaming:1]]
[2022.09.11-13.34.17:706][  0]LogConfig: Setting CVar [[s.PriorityAsyncLoadingExtraTime:15.0]]
[2022.09.11-13.34.17:706][  0]LogConfig: Setting CVar [[s.LevelStreamingActorsUpdateTimeLimit:5.0]]
[2022.09.11-13.34.17:706][  0]LogConfig: Setting CVar [[s.PriorityLevelStreamingActorsUpdateExtraTime:5.0]]
[2022.09.11-13.34.17:706][  0]LogConfig: Setting CVar [[s.LevelStreamingComponentsRegistrationGranularity:10]]
[2022.09.11-13.34.17:706][  0]LogConfig: Setting CVar [[s.UnregisterComponentsTimeLimit:1.0]]
[2022.09.11-13.34.17:706][  0]LogConfig: Setting CVar [[s.LevelStreamingComponentsUnregistrationGranularity:5]]
[2022.09.11-13.34.17:706][  0]LogConfig: Setting CVar [[s.FlushStreamingOnExit:1]]
[2022.09.11-13.34.17:706][  0]LogConfig: Applying CVar settings from Section [/Script/Engine.GarbageCollectionSettings] File [C:/Users/Admin/Documents/GitHub/KENDY/KENDY/Saved/Config/Windows/Engine.ini]
[2022.09.11-13.34.17:707][  0]LogConfig: Setting CVar [[gc.MaxObjectsNotConsideredByGC:1]]
[2022.09.11-13.34.17:707][  0]LogConfig: Setting CVar [[gc.SizeOfPermanentObjectPool:0]]
[2022.09.11-13.34.17:707][  0]LogConfig: Setting CVar [[gc.FlushStreamingOnGC:0]]
[2022.09.11-13.34.17:707][  0]LogConfig: Setting CVar [[gc.NumRetriesBeforeForcingGC:10]]
[2022.09.11-13.34.17:707][  0]LogConfig: Setting CVar [[gc.AllowParallelGC:1]]
[2022.09.11-13.34.17:707][  0]LogConfig: Setting CVar [[gc.TimeBetweenPurgingPendingKillObjects:61.1]]
[2022.09.11-13.34.17:707][  0]LogConfig: Setting CVar [[gc.MaxObjectsInEditor:25165824]]
[2022.09.11-13.34.17:707][  0]LogConfig: Setting CVar [[gc.IncrementalBeginDestroyEnabled:1]]
[2022.09.11-13.34.17:707][  0]LogConfig: Setting CVar [[gc.CreateGCClusters:1]]
[2022.09.11-13.34.17:707][  0]LogConfig: Setting CVar [[gc.MinGCClusterSize:5]]
[2022.09.11-13.34.17:707][  0]LogConfig: Setting CVar [[gc.ActorClusteringEnabled:0]]
[2022.09.11-13.34.17:707][  0]LogConfig: Setting CVar [[gc.BlueprintClusteringEnabled:0]]
[2022.09.11-13.34.17:707][  0]LogConfig: Setting CVar [[gc.UseDisregardForGCOnDedicatedServers:0]]
[2022.09.11-13.34.17:707][  0]LogConfig: Setting CVar [[gc.MultithreadedDestructionEnabled:1]]
[2022.09.11-13.34.17:707][  0]LogConfig: Applying CVar settings from Section [/Script/Engine.NetworkSettings] File [C:/Users/Admin/Documents/GitHub/KENDY/KENDY/Saved/Config/Windows/Engine.ini]
[2022.09.11-13.34.17:707][  0]LogConfig: Applying CVar settings from Section [/Script/UnrealEd.CookerSettings] File [C:/Users/Admin/Documents/GitHub/KENDY/KENDY/Saved/Config/Windows/Engine.ini]
[2022.09.11-13.34.17:738][  0]LogConfig: Applying CVar settings from Section [ViewDistanceQuality@3] File [C:/Users/Admin/Documents/GitHub/KENDY/KENDY/Saved/Config/Windows/Scalability.ini]
[2022.09.11-13.34.17:738][  0]LogConfig: Setting CVar [[r.SkeletalMeshLODBias:0]]
[2022.09.11-13.34.17:738][  0]LogConfig: Setting CVar [[r.ViewDistanceScale:1.0]]
[2022.09.11-13.34.17:738][  0]LogConfig: Applying CVar settings from Section [AntiAliasingQuality@3] File [C:/Users/Admin/Documents/GitHub/KENDY/KENDY/Saved/Config/Windows/Scalability.ini]
[2022.09.11-13.34.17:738][  0]LogConfig: Setting CVar [[r.PostProcessAAQuality:4]]
[2022.09.11-13.34.17:738][  0]LogConfig: Applying CVar settings from Section [ShadowQuality@3] File [C:/Users/Admin/Documents/GitHub/KENDY/KENDY/Saved/Config/Windows/Scalability.ini]
[2022.09.11-13.34.17:738][  0]LogConfig: Setting CVar [[r.LightFunctionQuality:1]]
[2022.09.11-13.34.17:738][  0]LogConfig: Setting CVar [[r.ShadowQuality:5]]
[2022.09.11-13.34.17:738][  0]LogConfig: Setting CVar [[r.Shadow.CSM.MaxCascades:10]]
[2022.09.11-13.34.17:738][  0]LogConfig: Setting CVar [[r.Shadow.MaxResolution:2048]]
[2022.09.11-13.34.17:738][  0]LogConfig: Setting CVar [[r.Shadow.MaxCSMResolution:2048]]
[2022.09.11-13.34.17:738][  0]LogConfig: Setting CVar [[r.Shadow.RadiusThreshold:0.01]]
[2022.09.11-13.34.17:738][  0]LogConfig: Setting CVar [[r.Shadow.DistanceScale:1.0]]
[2022.09.11-13.34.17:738][  0]LogConfig: Setting CVar [[r.Shadow.CSM.TransitionScale:1.0]]
[2022.09.11-13.34.17:738][  0]LogConfig: Setting CVar [[r.Shadow.PreShadowResolutionFactor:1.0]]
[2022.09.11-13.34.17:738][  0]LogConfig: Setting CVar [[r.DistanceFieldShadowing:1]]
[2022.09.11-13.34.17:738][  0]LogConfig: Setting CVar [[r.DistanceFieldAO:1]]
[2022.09.11-13.34.17:738][  0]LogConfig: Setting CVar [[r.AOQuality:2]]
[2022.09.11-13.34.17:738][  0]LogConfig: Setting CVar [[r.VolumetricFog:1]]
[2022.09.11-13.34.17:738][  0]LogConfig: Setting CVar [[r.VolumetricFog.GridPixelSize:8]]
[2022.09.11-13.34.17:738][  0]LogConfig: Setting CVar [[r.VolumetricFog.GridSizeZ:128]]
[2022.09.11-13.34.17:738][  0]LogConfig: Setting CVar [[r.VolumetricFog.HistoryMissSupersampleCount:4]]
[2022.09.11-13.34.17:738][  0]LogConfig: Setting CVar [[r.LightMaxDrawDistanceScale:1]]
[2022.09.11-13.34.17:738][  0]LogConfig: Setting CVar [[r.CapsuleShadows:1]]
[2022.09.11-13.34.17:738][  0]LogConfig: Applying CVar settings from Section [PostProcessQuality@3] File [C:/Users/Admin/Documents/GitHub/KENDY/KENDY/Saved/Config/Windows/Scalability.ini]
[2022.09.11-13.34.17:738][  0]LogConfig: Setting CVar [[r.MotionBlurQuality:4]]
[2022.09.11-13.34.17:738][  0]LogConfig: Setting CVar [[r.AmbientOcclusionMipLevelFactor:0.4]]
[2022.09.11-13.34.17:738][  0]LogConfig: Setting CVar [[r.AmbientOcclusionMaxQuality:100]]
[2022.09.11-13.34.17:738][  0]LogConfig: Setting CVar [[r.AmbientOcclusionLevels:-1]]
[2022.09.11-13.34.17:738][  0]LogConfig: Setting CVar [[r.AmbientOcclusionRadiusScale:1.0]]
[2022.09.11-13.34.17:738][  0]LogConfig: Setting CVar [[r.DepthOfFieldQuality:2]]
[2022.09.11-13.34.17:738][  0]LogConfig: Setting CVar [[r.RenderTargetPoolMin:400]]
[2022.09.11-13.34.17:738][  0]LogConfig: Setting CVar [[r.LensFlareQuality:2]]
[2022.09.11-13.34.17:738][  0]LogConfig: Setting CVar [[r.SceneColorFringeQuality:1]]
[2022.09.11-13.34.17:738][  0]LogConfig: Setting CVar [[r.EyeAdaptationQuality:2]]
[2022.09.11-13.34.17:738][  0]LogConfig: Setting CVar [[r.BloomQuality:5]]
[2022.09.11-13.34.17:738][  0]LogConfig: Setting CVar [[r.FastBlurThreshold:100]]
[2022.09.11-13.34.17:738][  0]LogConfig: Setting CVar [[r.Upscale.Quality:3]]
[2022.09.11-13.34.17:738][  0]LogConfig: Setting CVar [[r.Tonemapper.GrainQuantization:1]]
[2022.09.11-13.34.17:738][  0]LogConfig: Setting CVar [[r.LightShaftQuality:1]]
[2022.09.11-13.34.17:738][  0]LogConfig: Setting CVar [[r.Filter.SizeScale:1]]
[2022.09.11-13.34.17:738][  0]LogConfig: Setting CVar [[r.Tonemapper.Quality:5]]
[2022.09.11-13.34.17:738][  0]LogConfig: Setting CVar [[r.DOF.Gather.AccumulatorQuality:1        ; higher gathering accumulator quality]]
[2022.09.11-13.34.17:738][  0]LogConfig: Setting CVar [[r.DOF.Gather.PostfilterMethod:1          ; Median3x3 postfilering method]]
[2022.09.11-13.34.17:738][  0]LogConfig: Setting CVar [[r.DOF.Gather.EnableBokehSettings:0       ; no bokeh simulation when gathering]]
[2022.09.11-13.34.17:738][  0]LogConfig: Setting CVar [[r.DOF.Gather.RingCount:4                 ; medium number of samples when gathering]]
[2022.09.11-13.34.17:738][  0]LogConfig: Setting CVar [[r.DOF.Scatter.ForegroundCompositing:1    ; additive foreground scattering]]
[2022.09.11-13.34.17:738][  0]LogConfig: Setting CVar [[r.DOF.Scatter.BackgroundCompositing:2    ; additive background scattering]]
[2022.09.11-13.34.17:738][  0]LogConfig: Setting CVar [[r.DOF.Scatter.EnableBokehSettings:1      ; bokeh simulation when scattering]]
[2022.09.11-13.34.17:738][  0]LogConfig: Setting CVar [[r.DOF.Scatter.MaxSpriteRatio:0.1         ; only a maximum of 10% of scattered bokeh]]
[2022.09.11-13.34.17:738][  0]LogConfig: Setting CVar [[r.DOF.Recombine.Quality:1                ; cheap slight out of focus]]
[2022.09.11-13.34.17:738][  0]LogConfig: Setting CVar [[r.DOF.Recombine.EnableBokehSettings:0    ; no bokeh simulation on slight out of focus]]
[2022.09.11-13.34.17:738][  0]LogConfig: Setting CVar [[r.DOF.TemporalAAQuality:1                ; more stable temporal accumulation]]
[2022.09.11-13.34.17:738][  0]LogConfig: Setting CVar [[r.DOF.Kernel.MaxForegroundRadius:0.025]]
[2022.09.11-13.34.17:738][  0]LogConfig: Setting CVar [[r.DOF.Kernel.MaxBackgroundRadius:0.025]]
[2022.09.11-13.34.17:739][  0]LogConfig: Applying CVar settings from Section [TextureQuality@3] File [C:/Users/Admin/Documents/GitHub/KENDY/KENDY/Saved/Config/Windows/Scalability.ini]
[2022.09.11-13.34.17:739][  0]LogConfig: Setting CVar [[r.Streaming.MipBias:0]]
[2022.09.11-13.34.17:739][  0]LogConfig: Setting CVar [[r.Streaming.AmortizeCPUToGPUCopy:0]]
[2022.09.11-13.34.17:739][  0]LogConfig: Setting CVar [[r.Streaming.MaxNumTexturesToStreamPerFrame:0]]
[2022.09.11-13.34.17:739][  0]LogConfig: Setting CVar [[r.Streaming.Boost:1]]
[2022.09.11-13.34.17:739][  0]LogConfig: Setting CVar [[r.MaxAnisotropy:8]]
[2022.09.11-13.34.17:739][  0]LogConfig: Setting CVar [[r.VT.MaxAnisotropy:8]]
[2022.09.11-13.34.17:739][  0]LogConfig: Setting CVar [[r.Streaming.LimitPoolSizeToVRAM:0]]
[2022.09.11-13.34.17:739][  0]LogConfig: Setting CVar [[r.Streaming.PoolSize:1000]]
[2022.09.11-13.34.17:739][  0]LogConfig: Setting CVar [[r.Streaming.MaxEffectiveScreenSize:0]]
[2022.09.11-13.34.17:739][  0]LogConfig: Applying CVar settings from Section [EffectsQuality@3] File [C:/Users/Admin/Documents/GitHub/KENDY/KENDY/Saved/Config/Windows/Scalability.ini]
[2022.09.11-13.34.17:739][  0]LogConfig: Setting CVar [[r.TranslucencyLightingVolumeDim:64]]
[2022.09.11-13.34.17:739][  0]LogConfig: Setting CVar [[r.RefractionQuality:2]]
[2022.09.11-13.34.17:739][  0]LogConfig: Setting CVar [[r.SSR.Quality:3]]
[2022.09.11-13.34.17:739][  0]LogConfig: Setting CVar [[r.SSR.HalfResSceneColor:0]]
[2022.09.11-13.34.17:739][  0]LogConfig: Setting CVar [[r.SceneColorFormat:4]]
[2022.09.11-13.34.17:739][  0]LogConfig: Setting CVar [[r.DetailMode:2]]
[2022.09.11-13.34.17:739][  0]LogConfig: Setting CVar [[r.TranslucencyVolumeBlur:1]]
[2022.09.11-13.34.17:739][  0]LogConfig: Setting CVar [[r.MaterialQualityLevel:1 ; High quality]]
[2022.09.11-13.34.17:739][  0]LogConfig: Setting CVar [[r.AnisotropicMaterials:1]]
[2022.09.11-13.34.17:739][  0]LogConfig: Setting CVar [[r.SSS.Scale:1]]
[2022.09.11-13.34.17:739][  0]LogConfig: Setting CVar [[r.SSS.SampleSet:2]]
[2022.09.11-13.34.17:739][  0]LogConfig: Setting CVar [[r.SSS.Quality:1]]
[2022.09.11-13.34.17:739][  0]LogConfig: Setting CVar [[r.SSS.HalfRes:0]]
[2022.09.11-13.34.17:739][  0]LogConfig: Setting CVar [[r.SSGI.Quality:3]]
[2022.09.11-13.34.17:739][  0]LogConfig: Setting CVar [[r.EmitterSpawnRateScale:1.0]]
[2022.09.11-13.34.17:739][  0]LogConfig: Setting CVar [[r.ParticleLightQuality:2]]
[2022.09.11-13.34.17:739][  0]LogConfig: Setting CVar [[r.SkyAtmosphere.AerialPerspectiveLUT.FastApplyOnOpaque:1 ; Always have FastSkyLUT 1 in this case to avoid wrong sky]]
[2022.09.11-13.34.17:739][  0]LogConfig: Setting CVar [[r.SkyAtmosphere.AerialPerspectiveLUT.SampleCountMaxPerSlice:4]]
[2022.09.11-13.34.17:739][  0]LogConfig: Setting CVar [[r.SkyAtmosphere.AerialPerspectiveLUT.DepthResolution:16.0]]
[2022.09.11-13.34.17:739][  0]LogConfig: Setting CVar [[r.SkyAtmosphere.FastSkyLUT:1]]
[2022.09.11-13.34.17:739][  0]LogConfig: Setting CVar [[r.SkyAtmosphere.FastSkyLUT.SampleCountMin:4.0]]
[2022.09.11-13.34.17:739][  0]LogConfig: Setting CVar [[r.SkyAtmosphere.FastSkyLUT.SampleCountMax:128.0]]
[2022.09.11-13.34.17:739][  0]LogConfig: Setting CVar [[r.SkyAtmosphere.SampleCountMin:4.0]]
[2022.09.11-13.34.17:739][  0]LogConfig: Setting CVar [[r.SkyAtmosphere.SampleCountMax:128.0]]
[2022.09.11-13.34.17:739][  0]LogConfig: Setting CVar [[r.SkyAtmosphere.TransmittanceLUT.UseSmallFormat:0]]
[2022.09.11-13.34.17:739][  0]LogConfig: Setting CVar [[r.SkyAtmosphere.TransmittanceLUT.SampleCount:10.0]]
[2022.09.11-13.34.17:739][  0]LogConfig: Setting CVar [[r.SkyAtmosphere.MultiScatteringLUT.SampleCount:15.0]]
[2022.09.11-13.34.17:739][  0]LogConfig: Setting CVar [[r.SkyLight.RealTimeReflectionCapture:1]]
[2022.09.11-13.34.17:739][  0]LogConfig: Applying CVar settings from Section [FoliageQuality@3] File [C:/Users/Admin/Documents/GitHub/KENDY/KENDY/Saved/Config/Windows/Scalability.ini]
[2022.09.11-13.34.17:739][  0]LogConfig: Setting CVar [[foliage.DensityScale:1.0]]
[2022.09.11-13.34.17:739][  0]LogConfig: Setting CVar [[grass.DensityScale:1.0]]
[2022.09.11-13.34.17:739][  0]LogConfig: Applying CVar settings from Section [ShadingQuality@3] File [C:/Users/Admin/Documents/GitHub/KENDY/KENDY/Saved/Config/Windows/Scalability.ini]
[2022.09.11-13.34.17:739][  0]LogConfig: Setting CVar [[r.HairStrands.SkyLighting.IntegrationType:2]]
[2022.09.11-13.34.17:739][  0]LogConfig: Setting CVar [[r.HairStrands.SkyAO.SampleCount:4]]
[2022.09.11-13.34.17:739][  0]LogConfig: Setting CVar [[r.HairStrands.Visibility.MSAA.SamplePerPixel:4]]
[2022.09.11-13.34.17:739][  0]LogInit: Selected Device Profile: [Windows]
[2022.09.11-13.34.17:739][  0]LogInit: Applying CVar settings loaded from the selected device profile: [Windows]
[2022.09.11-13.34.17:739][  0]LogHAL: Display: Platform has ~ 16 GB [17065914368 / 17179869184 / 16], which maps to Larger [LargestMinGB=32, LargerMinGB=12, DefaultMinGB=8, SmallerMinGB=6, SmallestMinGB=0)
[2022.09.11-13.34.17:739][  0]LogInit: Going up to parent DeviceProfile []
[2022.09.11-13.34.17:739][  0]LogConfig: Applying CVar settings from Section [ViewDistanceQuality@3] File [C:/Users/Admin/Documents/GitHub/KENDY/KENDY/Saved/Config/Windows/Scalability.ini]
[2022.09.11-13.34.17:739][  0]LogConfig: Setting CVar [[r.SkeletalMeshLODBias:0]]
[2022.09.11-13.34.17:739][  0]LogConfig: Setting CVar [[r.ViewDistanceScale:1.0]]
[2022.09.11-13.34.17:739][  0]LogConfig: Applying CVar settings from Section [AntiAliasingQuality@3] File [C:/Users/Admin/Documents/GitHub/KENDY/KENDY/Saved/Config/Windows/Scalability.ini]
[2022.09.11-13.34.17:739][  0]LogConfig: Setting CVar [[r.PostProcessAAQuality:4]]
[2022.09.11-13.34.17:739][  0]LogConfig: Applying CVar settings from Section [ShadowQuality@3] File [C:/Users/Admin/Documents/GitHub/KENDY/KENDY/Saved/Config/Windows/Scalability.ini]
[2022.09.11-13.34.17:740][  0]LogConfig: Setting CVar [[r.LightFunctionQuality:1]]
[2022.09.11-13.34.17:740][  0]LogConfig: Setting CVar [[r.ShadowQuality:5]]
[2022.09.11-13.34.17:740][  0]LogConfig: Setting CVar [[r.Shadow.CSM.MaxCascades:10]]
[2022.09.11-13.34.17:740][  0]LogConfig: Setting CVar [[r.Shadow.MaxResolution:2048]]
[2022.09.11-13.34.17:740][  0]LogConfig: Setting CVar [[r.Shadow.MaxCSMResolution:2048]]
[2022.09.11-13.34.17:740][  0]LogConfig: Setting CVar [[r.Shadow.RadiusThreshold:0.01]]
[2022.09.11-13.34.17:740][  0]LogConfig: Setting CVar [[r.Shadow.DistanceScale:1.0]]
[2022.09.11-13.34.17:740][  0]LogConfig: Setting CVar [[r.Shadow.CSM.TransitionScale:1.0]]
[2022.09.11-13.34.17:740][  0]LogConfig: Setting CVar [[r.Shadow.PreShadowResolutionFactor:1.0]]
[2022.09.11-13.34.17:740][  0]LogConfig: Setting CVar [[r.DistanceFieldShadowing:1]]
[2022.09.11-13.34.17:740][  0]LogConfig: Setting CVar [[r.DistanceFieldAO:1]]
[2022.09.11-13.34.17:740][  0]LogConfig: Setting CVar [[r.AOQuality:2]]
[2022.09.11-13.34.17:740][  0]LogConfig: Setting CVar [[r.VolumetricFog:1]]
[2022.09.11-13.34.17:740][  0]LogConfig: Setting CVar [[r.VolumetricFog.GridPixelSize:8]]
[2022.09.11-13.34.17:740][  0]LogConfig: Setting CVar [[r.VolumetricFog.GridSizeZ:128]]
[2022.09.11-13.34.17:740][  0]LogConfig: Setting CVar [[r.VolumetricFog.HistoryMissSupersampleCount:4]]
[2022.09.11-13.34.17:740][  0]LogConfig: Setting CVar [[r.LightMaxDrawDistanceScale:1]]
[2022.09.11-13.34.17:740][  0]LogConfig: Setting CVar [[r.CapsuleShadows:1]]
[2022.09.11-13.34.17:740][  0]LogConfig: Applying CVar settings from Section [PostProcessQuality@3] File [C:/Users/Admin/Documents/GitHub/KENDY/KENDY/Saved/Config/Windows/Scalability.ini]
[2022.09.11-13.34.17:740][  0]LogConfig: Setting CVar [[r.MotionBlurQuality:4]]
[2022.09.11-13.34.17:740][  0]LogConfig: Setting CVar [[r.AmbientOcclusionMipLevelFactor:0.4]]
[2022.09.11-13.34.17:740][  0]LogConfig: Setting CVar [[r.AmbientOcclusionMaxQuality:100]]
[2022.09.11-13.34.17:740][  0]LogConfig: Setting CVar [[r.AmbientOcclusionLevels:-1]]
[2022.09.11-13.34.17:740][  0]LogConfig: Setting CVar [[r.AmbientOcclusionRadiusScale:1.0]]
[2022.09.11-13.34.17:740][  0]LogConfig: Setting CVar [[r.DepthOfFieldQuality:2]]
[2022.09.11-13.34.17:740][  0]LogConfig: Setting CVar [[r.RenderTargetPoolMin:400]]
[2022.09.11-13.34.17:740][  0]LogConfig: Setting CVar [[r.LensFlareQuality:2]]
[2022.09.11-13.34.17:740][  0]LogConfig: Setting CVar [[r.SceneColorFringeQuality:1]]
[2022.09.11-13.34.17:740][  0]LogConfig: Setting CVar [[r.EyeAdaptationQuality:2]]
[2022.09.11-13.34.17:740][  0]LogConfig: Setting CVar [[r.BloomQuality:5]]
[2022.09.11-13.34.17:740][  0]LogConfig: Setting CVar [[r.FastBlurThreshold:100]]
[2022.09.11-13.34.17:740][  0]LogConfig: Setting CVar [[r.Upscale.Quality:3]]
[2022.09.11-13.34.17:740][  0]LogConfig: Setting CVar [[r.Tonemapper.GrainQuantization:1]]
[2022.09.11-13.34.17:740][  0]LogConfig: Setting CVar [[r.LightShaftQuality:1]]
[2022.09.11-13.34.17:740][  0]LogConfig: Setting CVar [[r.Filter.SizeScale:1]]
[2022.09.11-13.34.17:740][  0]LogConfig: Setting CVar [[r.Tonemapper.Quality:5]]
[2022.09.11-13.34.17:740][  0]LogConfig: Setting CVar [[r.DOF.Gather.AccumulatorQuality:1        ; higher gathering accumulator quality]]
[2022.09.11-13.34.17:740][  0]LogConfig: Setting CVar [[r.DOF.Gather.PostfilterMethod:1          ; Median3x3 postfilering method]]
[2022.09.11-13.34.17:740][  0]LogConfig: Setting CVar [[r.DOF.Gather.EnableBokehSettings:0       ; no bokeh simulation when gathering]]
[2022.09.11-13.34.17:740][  0]LogConfig: Setting CVar [[r.DOF.Gather.RingCount:4                 ; medium number of samples when gathering]]
[2022.09.11-13.34.17:740][  0]LogConfig: Setting CVar [[r.DOF.Scatter.ForegroundCompositing:1    ; additive foreground scattering]]
[2022.09.11-13.34.17:740][  0]LogConfig: Setting CVar [[r.DOF.Scatter.BackgroundCompositing:2    ; additive background scattering]]
[2022.09.11-13.34.17:740][  0]LogConfig: Setting CVar [[r.DOF.Scatter.EnableBokehSettings:1      ; bokeh simulation when scattering]]
[2022.09.11-13.34.17:740][  0]LogConfig: Setting CVar [[r.DOF.Scatter.MaxSpriteRatio:0.1         ; only a maximum of 10% of scattered bokeh]]
[2022.09.11-13.34.17:740][  0]LogConfig: Setting CVar [[r.DOF.Recombine.Quality:1                ; cheap slight out of focus]]
[2022.09.11-13.34.17:740][  0]LogConfig: Setting CVar [[r.DOF.Recombine.EnableBokehSettings:0    ; no bokeh simulation on slight out of focus]]
[2022.09.11-13.34.17:740][  0]LogConfig: Setting CVar [[r.DOF.TemporalAAQuality:1                ; more stable temporal accumulation]]
[2022.09.11-13.34.17:740][  0]LogConfig: Setting CVar [[r.DOF.Kernel.MaxForegroundRadius:0.025]]
[2022.09.11-13.34.17:740][  0]LogConfig: Setting CVar [[r.DOF.Kernel.MaxBackgroundRadius:0.025]]
[2022.09.11-13.34.17:740][  0]LogConfig: Applying CVar settings from Section [TextureQuality@3] File [C:/Users/Admin/Documents/GitHub/KENDY/KENDY/Saved/Config/Windows/Scalability.ini]
[2022.09.11-13.34.17:740][  0]LogConfig: Setting CVar [[r.Streaming.MipBias:0]]
[2022.09.11-13.34.17:740][  0]LogConfig: Setting CVar [[r.Streaming.AmortizeCPUToGPUCopy:0]]
[2022.09.11-13.34.17:740][  0]LogConfig: Setting CVar [[r.Streaming.MaxNumTexturesToStreamPerFrame:0]]
[2022.09.11-13.34.17:740][  0]LogConfig: Setting CVar [[r.Streaming.Boost:1]]
[2022.09.11-13.34.17:740][  0]LogConfig: Setting CVar [[r.MaxAnisotropy:8]]
[2022.09.11-13.34.17:740][  0]LogConfig: Setting CVar [[r.VT.MaxAnisotropy:8]]
[2022.09.11-13.34.17:740][  0]LogConfig: Setting CVar [[r.Streaming.LimitPoolSizeToVRAM:0]]
[2022.09.11-13.34.17:740][  0]LogConfig: Setting CVar [[r.Streaming.PoolSize:1000]]
[2022.09.11-13.34.17:740][  0]LogConfig: Setting CVar [[r.Streaming.MaxEffectiveScreenSize:0]]
[2022.09.11-13.34.17:740][  0]LogConfig: Applying CVar settings from Section [EffectsQuality@3] File [C:/Users/Admin/Documents/GitHub/KENDY/KENDY/Saved/Config/Windows/Scalability.ini]
[2022.09.11-13.34.17:740][  0]LogConfig: Setting CVar [[r.TranslucencyLightingVolumeDim:64]]
[2022.09.11-13.34.17:740][  0]LogConfig: Setting CVar [[r.RefractionQuality:2]]
[2022.09.11-13.34.17:740][  0]LogConfig: Setting CVar [[r.SSR.Quality:3]]
[2022.09.11-13.34.17:740][  0]LogConfig: Setting CVar [[r.SSR.HalfResSceneColor:0]]
[2022.09.11-13.34.17:740][  0]LogConfig: Setting CVar [[r.SceneColorFormat:4]]
[2022.09.11-13.34.17:740][  0]LogConfig: Setting CVar [[r.DetailMode:2]]
[2022.09.11-13.34.17:740][  0]LogConfig: Setting CVar [[r.TranslucencyVolumeBlur:1]]
[2022.09.11-13.34.17:741][  0]LogConfig: Setting CVar [[r.MaterialQualityLevel:1 ; High quality]]
[2022.09.11-13.34.17:741][  0]LogConfig: Setting CVar [[r.AnisotropicMaterials:1]]
[2022.09.11-13.34.17:741][  0]LogConfig: Setting CVar [[r.SSS.Scale:1]]
[2022.09.11-13.34.17:741][  0]LogConfig: Setting CVar [[r.SSS.SampleSet:2]]
[2022.09.11-13.34.17:741][  0]LogConfig: Setting CVar [[r.SSS.Quality:1]]
[2022.09.11-13.34.17:741][  0]LogConfig: Setting CVar [[r.SSS.HalfRes:0]]
[2022.09.11-13.34.17:741][  0]LogConfig: Setting CVar [[r.SSGI.Quality:3]]
[2022.09.11-13.34.17:741][  0]LogConfig: Setting CVar [[r.EmitterSpawnRateScale:1.0]]
[2022.09.11-13.34.17:741][  0]LogConfig: Setting CVar [[r.ParticleLightQuality:2]]
[2022.09.11-13.34.17:741][  0]LogConfig: Setting CVar [[r.SkyAtmosphere.AerialPerspectiveLUT.FastApplyOnOpaque:1 ; Always have FastSkyLUT 1 in this case to avoid wrong sky]]
[2022.09.11-13.34.17:741][  0]LogConfig: Setting CVar [[r.SkyAtmosphere.AerialPerspectiveLUT.SampleCountMaxPerSlice:4]]
[2022.09.11-13.34.17:741][  0]LogConfig: Setting CVar [[r.SkyAtmosphere.AerialPerspectiveLUT.DepthResolution:16.0]]
[2022.09.11-13.34.17:741][  0]LogConfig: Setting CVar [[r.SkyAtmosphere.FastSkyLUT:1]]
[2022.09.11-13.34.17:741][  0]LogConfig: Setting CVar [[r.SkyAtmosphere.FastSkyLUT.SampleCountMin:4.0]]
[2022.09.11-13.34.17:741][  0]LogConfig: Setting CVar [[r.SkyAtmosphere.FastSkyLUT.SampleCountMax:128.0]]
[2022.09.11-13.34.17:741][  0]LogConfig: Setting CVar [[r.SkyAtmosphere.SampleCountMin:4.0]]
[2022.09.11-13.34.17:741][  0]LogConfig: Setting CVar [[r.SkyAtmosphere.SampleCountMax:128.0]]
[2022.09.11-13.34.17:741][  0]LogConfig: Setting CVar [[r.SkyAtmosphere.TransmittanceLUT.UseSmallFormat:0]]
[2022.09.11-13.34.17:741][  0]LogConfig: Setting CVar [[r.SkyAtmosphere.TransmittanceLUT.SampleCount:10.0]]
[2022.09.11-13.34.17:741][  0]LogConfig: Setting CVar [[r.SkyAtmosphere.MultiScatteringLUT.SampleCount:15.0]]
[2022.09.11-13.34.17:741][  0]LogConfig: Setting CVar [[r.SkyLight.RealTimeReflectionCapture:1]]
[2022.09.11-13.34.17:741][  0]LogConfig: Applying CVar settings from Section [FoliageQuality@3] File [C:/Users/Admin/Documents/GitHub/KENDY/KENDY/Saved/Config/Windows/Scalability.ini]
[2022.09.11-13.34.17:741][  0]LogConfig: Setting CVar [[foliage.DensityScale:1.0]]
[2022.09.11-13.34.17:741][  0]LogConfig: Setting CVar [[grass.DensityScale:1.0]]
[2022.09.11-13.34.17:741][  0]LogConfig: Applying CVar settings from Section [ShadingQuality@3] File [C:/Users/Admin/Documents/GitHub/KENDY/KENDY/Saved/Config/Windows/Scalability.ini]
[2022.09.11-13.34.17:741][  0]LogConfig: Setting CVar [[r.HairStrands.SkyLighting.IntegrationType:2]]
[2022.09.11-13.34.17:741][  0]LogConfig: Setting CVar [[r.HairStrands.SkyAO.SampleCount:4]]
[2022.09.11-13.34.17:741][  0]LogConfig: Setting CVar [[r.HairStrands.Visibility.MSAA.SamplePerPixel:4]]
[2022.09.11-13.34.17:741][  0]LogConfig: Applying CVar settings from Section [Startup] File [../../../Engine/Config/ConsoleVariables.ini]
[2022.09.11-13.34.17:742][  0]LogConfig: Setting CVar [[net.UseAdaptiveNetUpdateFrequency:0]]
[2022.09.11-13.34.17:742][  0]LogConfig: Setting CVar [[p.chaos.AllowCreatePhysxBodies:1]]
[2022.09.11-13.34.17:742][  0]LogConfig: Setting CVar [[fx.SkipVectorVMBackendOptimizations:1]]
[2022.09.11-13.34.17:742][  0]LogConfig: Applying CVar settings from Section [ConsoleVariables] File [C:/Users/Admin/Documents/GitHub/KENDY/KENDY/Saved/Config/Windows/Engine.ini]
[2022.09.11-13.34.17:742][  0]LogConfig: Applying CVar settings from Section [ConsoleVariables] File [C:/Users/Admin/Documents/GitHub/KENDY/KENDY/Saved/Config/Windows/Editor.ini]
[2022.09.11-13.34.17:742][  0]LogInit: Computer: DESKTOP-HA28R8U
[2022.09.11-13.34.17:742][  0]LogInit: User: Admin
[2022.09.11-13.34.17:742][  0]LogInit: CPU Page size=4096, Cores=4
[2022.09.11-13.34.17:742][  0]LogInit: High frequency timer resolution =10.000000 MHz
[2022.09.11-13.34.17:742][  0]LogMemory: Memory total: Physical=15.9GB (16GB approx)
[2022.09.11-13.34.17:742][  0]LogMemory: Platform Memory Stats for Windows
[2022.09.11-13.34.17:742][  0]LogMemory: Process Physical Memory: 143.58 MB used, 143.58 MB peak
[2022.09.11-13.34.17:742][  0]LogMemory: Process Virtual Memory: 128.42 MB used, 128.42 MB peak
[2022.09.11-13.34.17:742][  0]LogMemory: Physical Memory: 7758.96 MB used,  8516.37 MB free, 16275.32 MB total
[2022.09.11-13.34.17:742][  0]LogMemory: Virtual Memory: 134213600.00 MB used,  4130.81 MB free, 134217728.00 MB total
[2022.09.11-13.34.17:749][  0]LogWindows: WindowsPlatformFeatures enabled
[2022.09.11-13.34.17:777][  0]LogInit: Physics initialised using underlying interface: PhysX
[2022.09.11-13.34.17:778][  0]LogInit: Using OS detected language (he-IL).
[2022.09.11-13.34.17:778][  0]LogInit: Using OS detected locale (he-IL).
[2022.09.11-13.34.17:781][  0]LogTextLocalizationManager: No localization for 'he-IL' exists, so 'en' will be used for the language.
[2022.09.11-13.34.18:005][  0]LogInit: Setting process to per monitor DPI aware
[2022.09.11-13.34.18:026][  0]LogWindowsTextInputMethodSystem: Display: IME system deactivated.
[2022.09.11-13.34.18:055][  0]LogSlate: New Slate User Created.  User Index 0, Is Virtual User: 0
[2022.09.11-13.34.18:055][  0]LogSlate: Slate User Registered.  User Index 0, Is Virtual User: 0
[2022.09.11-13.34.18:237][  0]LogD3D11RHI: Loaded GFSDK_Aftermath_Lib.x64.dll
[2022.09.11-13.34.18:241][  0]LogHMD: Failed to initialize OpenVR with code 110
[2022.09.11-13.34.18:241][  0]LogD3D11RHI: D3D11 min allowed feature level: 11_0
[2022.09.11-13.34.18:241][  0]LogD3D11RHI: D3D11 max allowed feature level: 11_0
[2022.09.11-13.34.18:241][  0]LogD3D11RHI: D3D11 adapters:
[2022.09.11-13.34.18:382][  0]LogD3D11RHI:    0. 'Intel(R) HD Graphics 530' (Feature Level 11_0)
[2022.09.11-13.34.18:382][  0]LogD3D11RHI:       128/0/8137 MB DedicatedVideo/DedicatedSystem/SharedSystem, Outputs:2, VendorId:0x8086
[2022.09.11-13.34.18:385][  0]LogD3D11RHI:    1. 'Microsoft Basic Render Driver' (Feature Level 11_0)
[2022.09.11-13.34.18:385][  0]LogD3D11RHI:       0/0/8137 MB DedicatedVideo/DedicatedSystem/SharedSystem, Outputs:0, VendorId:0x1414
[2022.09.11-13.34.18:385][  0]LogD3D11RHI: Chosen D3D11 Adapter:
[2022.09.11-13.34.18:385][  0]LogD3D11RHI:     Description : Intel(R) HD Graphics 530
[2022.09.11-13.34.18:385][  0]LogD3D11RHI:     VendorId    : 8086
[2022.09.11-13.34.18:385][  0]LogD3D11RHI:     DeviceId    : 191b
[2022.09.11-13.34.18:385][  0]LogD3D11RHI:     SubSysId    : 6de1028
[2022.09.11-13.34.18:385][  0]LogD3D11RHI:     Revision    : 0006
[2022.09.11-13.34.18:385][  0]LogD3D11RHI:     DedicatedVideoMemory : 134217728 bytes
[2022.09.11-13.34.18:385][  0]LogD3D11RHI:     DedicatedSystemMemory : 0 bytes
[2022.09.11-13.34.18:385][  0]LogD3D11RHI:     SharedSystemMemory : 8532957184 bytes
[2022.09.11-13.34.18:385][  0]LogD3D11RHI:     AdapterLuid : 0 39832
[2022.09.11-13.34.18:391][  0]LogD3D11RHI: Creating new Direct3DDevice
[2022.09.11-13.34.18:391][  0]LogD3D11RHI:     GPU DeviceId: 0x191b (for the marketing name, search the web for "GPU Device Id")
[2022.09.11-13.34.18:391][  0]LogWindows: EnumDisplayDevices:
[2022.09.11-13.34.18:391][  0]LogWindows:    0. 'Intel(R) HD Graphics 530' (P:1 D:1)
[2022.09.11-13.34.18:392][  0]LogWindows:    1. 'Intel(R) HD Graphics 530' (P:0 D:1)
[2022.09.11-13.34.18:392][  0]LogWindows:    2. 'Intel(R) HD Graphics 530' (P:0 D:0)
[2022.09.11-13.34.18:392][  0]LogWindows: DebugString: FoundDriverCount:3 
[2022.09.11-13.34.18:392][  0]LogD3D11RHI:     Adapter Name: Intel(R) HD Graphics 530
[2022.09.11-13.34.18:392][  0]LogD3D11RHI:   Driver Version: 30.0.101.1338 (internal:30.0.101.1338, unified:30.0.101.1338)
[2022.09.11-13.34.18:392][  0]LogD3D11RHI:      Driver Date: 1-20-2022
[2022.09.11-13.34.18:392][  0]LogRHI: Texture pool is 1523 MB (70% of 2176 MB)
[2022.09.11-13.34.18:402][  0]LogD3D11RHI: Creating D3DDevice using adapter:
[2022.09.11-13.34.18:402][  0]LogD3D11RHI:     Description : Intel(R) HD Graphics 530
[2022.09.11-13.34.18:402][  0]LogD3D11RHI:     VendorId    : 8086
[2022.09.11-13.34.18:402][  0]LogD3D11RHI:     DeviceId    : 191b
[2022.09.11-13.34.18:402][  0]LogD3D11RHI:     SubSysId    : 6de1028
[2022.09.11-13.34.18:402][  0]LogD3D11RHI:     Revision    : 0006
[2022.09.11-13.34.18:402][  0]LogD3D11RHI:     DedicatedVideoMemory : 134217728 bytes
[2022.09.11-13.34.18:402][  0]LogD3D11RHI:     DedicatedSystemMemory : 0 bytes
[2022.09.11-13.34.18:402][  0]LogD3D11RHI:     SharedSystemMemory : 8532957184 bytes
[2022.09.11-13.34.18:402][  0]LogD3D11RHI:     AdapterLuid : 0 39832
[2022.09.11-13.34.18:525][  0]LogD3D11RHI: RHI does not have support for 64 bit atomics
[2022.09.11-13.34.18:601][  0]LogD3D11RHI: Intel Extensions support version Full=16777216, Major=1, Minor=0, Revision=0
[2022.09.11-13.34.18:601][  0]LogD3D11RHI: Intel Extensions support version Full=16777217, Major=1, Minor=0, Revision=1
[2022.09.11-13.34.18:602][  0]LogD3D11RHI: Intel Extensions Framework enabled
[2022.09.11-13.34.18:603][  0]LogD3D11RHI: [IntelMetricsDiscovery] Started
[2022.09.11-13.34.18:603][  0]LogD3D11RHI: Async texture creation enabled
[2022.09.11-13.34.18:603][  0]LogD3D11RHI: Array index from any shader is supported
[2022.09.11-13.34.18:615][  0]LogD3D11RHI: GPU Timing Frequency: 12.000048 (Debug: 2 0)
[2022.09.11-13.34.19:039][  0]LogTargetPlatformManager: Display: Loaded TargetPlatform 'AllDesktop'
[2022.09.11-13.34.19:070][  0]LogTargetPlatformManager: Display: Loaded TargetPlatform 'Android'
[2022.09.11-13.34.19:070][  0]LogTargetPlatformManager: Display: Loaded TargetPlatform 'Android_ASTC'
[2022.09.11-13.34.19:070][  0]LogTargetPlatformManager: Display: Loaded TargetPlatform 'Android_DXT'
[2022.09.11-13.34.19:070][  0]LogTargetPlatformManager: Display: Loaded TargetPlatform 'Android_ETC2'
[2022.09.11-13.34.19:070][  0]LogTargetPlatformManager: Display: Loaded TargetPlatform 'AndroidClient'
[2022.09.11-13.34.19:070][  0]LogTargetPlatformManager: Display: Loaded TargetPlatform 'Android_ASTCClient'
[2022.09.11-13.34.19:070][  0]LogTargetPlatformManager: Display: Loaded TargetPlatform 'Android_DXTClient'
[2022.09.11-13.34.19:070][  0]LogTargetPlatformManager: Display: Loaded TargetPlatform 'Android_ETC2Client'
[2022.09.11-13.34.19:070][  0]LogTargetPlatformManager: Display: Loaded TargetPlatform 'Android_Multi'
[2022.09.11-13.34.19:070][  0]LogTargetPlatformManager: Display: Loaded TargetPlatform 'Android_MultiClient'
[2022.09.11-13.34.19:093][  0]LogTargetPlatformManager: Display: Loaded TargetPlatform 'IOSClient'
[2022.09.11-13.34.19:093][  0]LogTargetPlatformManager: Display: Loaded TargetPlatform 'IOS'
[2022.09.11-13.34.19:106][  0]LogTargetPlatformManager: Display: Loaded TargetPlatform 'Linux'
[2022.09.11-13.34.19:113][  0]LogTargetPlatformManager: Display: Loaded TargetPlatform 'LinuxNoEditor'
[2022.09.11-13.34.19:119][  0]LogTargetPlatformManager: Display: Loaded TargetPlatform 'LinuxClient'
[2022.09.11-13.34.19:124][  0]LogTargetPlatformManager: Display: Loaded TargetPlatform 'LinuxServer'
[2022.09.11-13.34.19:136][  0]LogTargetPlatformManager: Display: Loaded TargetPlatform 'LinuxAArch64NoEditor'
[2022.09.11-13.34.19:145][  0]LogTargetPlatformManager: Display: Loaded TargetPlatform 'LinuxAArch64Client'
[2022.09.11-13.34.19:152][  0]LogTargetPlatformManager: Display: Loaded TargetPlatform 'LinuxAArch64Server'
[2022.09.11-13.34.19:187][  0]LogTargetPlatformManager: Display: Loaded TargetPlatform 'Lumin'
[2022.09.11-13.34.19:187][  0]LogTargetPlatformManager: Display: Loaded TargetPlatform 'LuminClient'
[2022.09.11-13.34.19:198][  0]LogTargetPlatformManager: Display: Loaded TargetPlatform 'MacNoEditor'
[2022.09.11-13.34.19:204][  0]LogTargetPlatformManager: Display: Loaded TargetPlatform 'Mac'
[2022.09.11-13.34.19:209][  0]LogTargetPlatformManager: Display: Loaded TargetPlatform 'MacClient'
[2022.09.11-13.34.19:214][  0]LogTargetPlatformManager: Display: Loaded TargetPlatform 'MacServer'
[2022.09.11-13.34.19:227][  0]LogTargetPlatformManager: Display: Loaded TargetPlatform 'TVOSClient'
[2022.09.11-13.34.19:228][  0]LogTargetPlatformManager: Display: Loaded TargetPlatform 'TVOS'
[2022.09.11-13.34.19:239][  0]LogTargetPlatformManager: Display: Loaded TargetPlatform 'WindowsNoEditor'
[2022.09.11-13.34.19:247][  0]LogTargetPlatformManager: Display: Loaded TargetPlatform 'Windows'
[2022.09.11-13.34.19:253][  0]LogTargetPlatformManager: Display: Loaded TargetPlatform 'WindowsClient'
[2022.09.11-13.34.19:259][  0]LogTargetPlatformManager: Display: Loaded TargetPlatform 'WindowsServer'
[2022.09.11-13.34.19:259][  0]LogTargetPlatformManager: Display: Building Assets For Windows
[2022.09.11-13.34.19:268][  0]LogAudioDebug: Display: Lib vorbis DLL was dynamically loaded.
[2022.09.11-13.34.19:305][  0]LogTextureFormatOodle: Display: Oodle Texture 2.9.0 init RDO Off
[2022.09.11-13.34.19:341][  0]LogRendererCore: Ray tracing is disabled. Reason: r.RayTracing=0.
[2022.09.11-13.34.19:341][  0]LogShaderCompilers: Guid format shader working directory is -13 characters bigger than the processId version (../../../../../../Users/Admin/Documents/GitHub/KENDY/KENDY/Intermediate/Shaders/WorkingDirectory/13576/).
[2022.09.11-13.34.19:341][  0]LogShaderCompilers: Cleaned the shader compiler working directory 'C:/Users/Admin/AppData/Local/Temp/UnrealShaderWorkingDir/1E6BBFB8408B924304A761A65CE15E74/'.
[2022.09.11-13.34.19:341][  0]LogXGEController: Cannot use XGE Controller as Incredibuild is not installed on this machine.
[2022.09.11-13.34.19:341][  0]LogShaderCompilers: Cannot use XGE Shader Compiler as Incredibuild is not installed on this machine.
[2022.09.11-13.34.19:341][  0]LogShaderCompilers: Display: Using Local Shader Compiler.
[2022.09.11-13.34.20:217][  0]LogDerivedDataCache: Display: Max Cache Size: 512 MB
[2022.09.11-13.34.20:282][  0]LogDerivedDataCache: Loaded boot cache 0.06s 94MB C:/Users/Admin/AppData/Local/UnrealEngine/4.27/DerivedDataCache/Boot.ddc.
[2022.09.11-13.34.20:282][  0]LogDerivedDataCache: Display: Loaded Boot cache: C:/Users/Admin/AppData/Local/UnrealEngine/4.27/DerivedDataCache/Boot.ddc
[2022.09.11-13.34.20:282][  0]LogDerivedDataCache: FDerivedDataBackendGraph:  Pak pak cache file ../../../../../../Users/Admin/Documents/GitHub/KENDY/KENDY/DerivedDataCache/DDC.ddp not found, will not use a pak cache.
[2022.09.11-13.34.20:282][  0]LogDerivedDataCache: Unable to find inner node Pak for hierarchical cache Hierarchy.
[2022.09.11-13.34.20:282][  0]LogDerivedDataCache: FDerivedDataBackendGraph:  CompressedPak pak cache file ../../../../../../Users/Admin/Documents/GitHub/KENDY/KENDY/DerivedDataCache/Compressed.ddp not found, will not use a pak cache.
[2022.09.11-13.34.20:282][  0]LogDerivedDataCache: Unable to find inner node CompressedPak for hierarchical cache Hierarchy.
[2022.09.11-13.34.20:300][  0]LogDerivedDataCache: Display: Pak cache opened for reading ../../../Engine/DerivedDataCache/Compressed.ddp.
[2022.09.11-13.34.20:300][  0]LogDerivedDataCache: FDerivedDataBackendGraph:  EnterprisePak pak cache file ../../../Enterprise/DerivedDataCache/Compressed.ddp not found, will not use a pak cache.
[2022.09.11-13.34.20:300][  0]LogDerivedDataCache: Unable to find inner node EnterprisePak for hierarchical cache Hierarchy.
[2022.09.11-13.34.20:315][  0]LogDerivedDataCache: Speed tests for C:/Users/Admin/AppData/Local/UnrealEngine/Common/DerivedDataCache took 0.01 seconds
[2022.09.11-13.34.20:315][  0]LogDerivedDataCache: Display: Performance to C:/Users/Admin/AppData/Local/UnrealEngine/Common/DerivedDataCache: Latency=0.03ms. RandomReadSpeed=207.96MBs, RandomWriteSpeed=94.31MBs. Assigned SpeedClass 'Local'
[2022.09.11-13.34.20:316][  0]LogDerivedDataCache: Using Local data cache path C:/Users/Admin/AppData/Local/UnrealEngine/Common/DerivedDataCache: Writable
[2022.09.11-13.34.20:316][  0]LogDerivedDataCache: Shared data cache path not found in *engine.ini, will not use an Shared cache.
[2022.09.11-13.34.20:316][  0]LogDerivedDataCache: Unable to find inner node Shared for hierarchical cache Hierarchy.
[2022.09.11-13.34.20:372][  0]LogSlate: Using FreeType 2.10.0
[2022.09.11-13.34.20:372][  0]LogSlate: SlateFontServices - WITH_FREETYPE: 1, WITH_HARFBUZZ: 1
[2022.09.11-13.34.20:408][  0]LogAssetRegistry: FAssetRegistry took 0.0033 seconds to start up
[2022.09.11-13.34.20:687][  0]LogInit: Selected Device Profile: [Windows]
[2022.09.11-13.34.20:687][  0]LogInit: Active device profile: [0000013ADDFECB00][0000013ADB36F6C0 49] Windows
[2022.09.11-13.34.20:687][  0]LogInit: Profiles: [0000013ADDFECB00][0000013ADB36F6C0 49] Windows, [0000013ADDFDA100][0000013AD5CB3840 49] WindowsNoEditor, [0000013ADDFED900][0000013AD5CB79C0 49] WindowsServer, [0000013ADDFDAE00][0000013AD5CBBB40 49] WindowsClient, [0000013ADDFEFC00][0000013AD5CC2140 49] IOS, [0000013ADDFD8F00][0000013AD5CC62C0 49] iPadAir, [0000013ADDFEFE00][0000013AD5CCA440 49] iPadAir2, [0000013ADDF68D00][0000013AD69A2700 49] IPadPro, [0000013ADDF68E00][0000013ADD726740 49] iPadAir3, [0000013ADDFDBB00][0000013AD69A68C0 49] iPadAir4, [0000013ADDF6B700][0000013ADB372A00 49] iPadMini2, [0000013ADDFDB100][0000013ADD72AB40 49] iPadMini3, [0000013ADDF6B900][0000013AD5CBEC80 49] iPadMini4, [0000013ADDFDB500][0000013AD69AADC0 49] iPadMini5, [0000013ADDF84600][0000013ADDD93080 49] iPhone6, [0000013ADDF84700][0000013AD69B30C0 49] iPodTouch6, [0000013ADDFEE600][0000013ADD7D5380 49] iPhone7, [0000013ADDFEE800][0000013ADD7D13C0 49] iPodTouch7, [0000013ADDF84100][0000013ADD7D9540 49] iPhone5S, [0000013ADDF68700][0000013ADD7DD6C0 49] iPhone6Plus, [0000013ADDF86500][0000013ADD7E1840 49] iPhone6S, [0000013ADDF69400][0000013AD69D39C0 49] iPhone6SPlus, [0000013ADDF87B00][0000013AD69CFB40 49] iPhone7Plus, [0000013ADDF6B600][0000013ADD82A140 49] iPhoneSE, [0000013ADDFEEC00][0000013ADD8262C0 49] iPhone8, [0000013ADDF68600][0000013AD5D0C440 49] iPhone8Plus, [0000013ADDFEE100][0000013AD58725C0 49] iPhoneX, [0000013ADDF6A900][0000013ADB352740 49] iPhoneXS, [0000013ADDFEFD00][0000013ADB3568C0 49] iPhoneXSMax, [0000013ADDF6AE00][0000013AD582AA40 49] iPhoneXR, [0000013ADDFEFF00][0000013AD69AEB80 49] iPhone11, [0000013ADDF69F00][0000013AD582ECC0 49] iPhone11Pro, [0000013ADDFEC600][0000013AD5832E00 49] iPhone11ProMax, [0000013ADDF6A000][0000013AD5836F40 49] iPhoneSE2, [0000013ADDFEFA00][0000013AD583F0C0 49] iPhone12Mini, [0000013ADDF6A700][0000013AD5843240 49] iPhone12, [0000013ADDFEEA00][0000013AD58473C0 49] iPhone12Pro, [0000013ADDF68500][0000013AD584B540 49] iPhone12ProMax, [0000013ADDFEF900][0000013AD584F6C0 49] iPadPro105, [0000013ADDF69800][0000013ADDD97840 49] iPadPro129, [0000013ADDFECC00][0000013ADDD9B9C0 49] iPadPro97, [0000013ADDF6A400][0000013ADDD9FB40 49] iPadPro2_129, [0000013ADDFEC800][0000013ADDDA2140 49] iPad5, [0000013ADDF68400][0000013ADDDA62C0 49] iPad6, [0000013ADDFEDB00][0000013ADDDAA440 49] iPad7, [0000013ADDF6B500][0000013ADDDAE5C0 49] iPad8, [0000013ADDFEDF00][0000013ADDDB2740 49] iPadPro11, [0000013ADDF69A00][0000013ADDDB68C0 49] iPadPro2_11, [0000013ADDFEE500][0000013ADDDBAA40 49] iPadPro3_129, [0000013ADDF6A200][0000013ADDDBEBC0 49] iPadPro4_129, [0000013ADDFED600][0000013ADDDC2D40 49] AppleTV, [0000013ADDF6BD00][0000013AD583AE80 49] AppleTV4K, [0000013ADDFEDA00][0000013ADDDC6FC0 49] TVOS, [0000013ADDF68A00][0000013ADDDCB100 49] Mac, [0000013ADDFEE400][0000013ADDD21280 49] MacClient, [0000013ADDF6AC00][0000013ADDD25400 49] MacNoEditor, [0000013ADDFEF500][0000013ADDD29580 49] MacServer, [0000013ADDF6A300][0000013ADDD2D700 49] Linux, [0000013ADDFEC300][0000013ADDD31880 49] LinuxAArch64, [0000013ADDF6A100][0000013ADDD35A00 49] LinuxNoEditor, [0000013ADDFEE300][0000013ADDD39B80 49] LinuxAArch64NoEditor, [0000013ADDF6BC00][0000013ADDD3C180 49] LinuxClient, [0000013ADDFECF00][0000013ADDD40300 49] LinuxAArch64Client, [0000013ADDF69200][0000013ADDD44480 49] LinuxServer, [0000013ADDFEF000][0000013ADDD48600 49] LinuxAArch64Server, [0000013ADDF69600][0000013ADDD4C780 49] Android, [0000013ADDFED200][0000013ADDD50900 49] Android_Low, [0000013ADDF6BE00][0000013ADDD54A80 49] Android_Mid, [0000013ADDFEC100][0000013ADDD58C00 49] Android_High, [0000013ADDF6AA00][0000013ADDD5CD80 49] Android_Default, [0000013ADDFED300][0000013ADDD60F00 49] Android_Adreno4xx, [0000013ADDFDA300][0000013ADDD1D040 49] Android_Adreno5xx_Low, [0000013ADDF85C00][0000013ADDD65180 49] Android_Adreno5xx, [0000013ADDFDBE00][0000013ADDD692C0 49] Android_Adreno6xx, [0000013ADDF86700][0000013ADDD71440 49] Android_Adreno6xx_Vulkan, [0000013ADDFDB600][0000013ADDD755C0 49] Android_Mali_T6xx, [0000013ADDF84F00][0000013ADDD79740 49] Android_Mali_T7xx, [0000013ADDFD9B00][0000013ADDD7D8C0 49] Android_Mali_T8xx, [0000013ADDF85F00][0000013ADDD81A40 49] Android_Mali_G71, [0000013ADDFDAC00][0000013ADDD85BC0 49] Android_Mali_G72, [0000013ADDF86F00][0000013ADDD881C0 49] Android_Mali_G72_Vulkan, [0000013ADDFDA500][0000013ADDD8C340 49] Android_Mali_G76, [0000013ADDF86200][0000013ADD66E4C0 49] Android_Mali_G76_Vulkan, [0000013ADDFD8E00][0000013ADD672640 49] Android_Mali_G77, [0000013ADDF85400][0000013ADD6767C0 49] Android_Mali_G77_Vulkan, [0000013ADDFDB700][0000013ADD67A940 49] Android_Mali_G78, [0000013ADDF85300][0000013ADD67EAC0 49] Android_Mali_G78_Vulkan, [0000013ADDFD9500][0000013ADD682C40 49] Android_Mali_G710, [0000013ADDF87D00][0000013ADD686DC0 49] Android_Mali_G710_Vulkan, [0000013ADDFD8700][0000013ADD68AF40 49] Android_Vulkan_SM5, [0000013ADDF85B00][0000013ADD68F0C0 49] Android_PowerVR_G6xxx, [0000013ADDFD8A00][0000013ADDD6D200 49] Android_PowerVR_GT7xxx, [0000013ADDF84200][0000013ADD693340 49] Android_PowerVR_GE8xxx, [0000013ADDFDB800][0000013ADD697480 49] Android_PowerVR_GM9xxx, [0000013ADDF84A00][0000013ADD69B5C0 49] Android_PowerVR_GM9xxx_Vulkan, [0000013ADDFD9000][0000013ADD6A3740 49] Android_TegraK1, [0000013ADDF85700][0000013ADD6A78C0 49] Android_Unknown_Vulkan, [0000013ADDFD9800][0000013ADD6ABA40 49] Lumin, [0000013ADDF87C00][0000013ADD6AFBC0 49] Lumin_Desktop, [0000013ADDFD9600][0000013ADD6B21C0 49] HoloLens, 
[2022.09.11-13.34.20:841][  0]LogMeshReduction: Using QuadricMeshReduction for automatic static mesh reduction
[2022.09.11-13.34.20:841][  0]LogMeshReduction: Using SimplygonMeshReduction for automatic skeletal mesh reduction
[2022.09.11-13.34.20:841][  0]LogMeshReduction: Using ProxyLODMeshReduction for automatic mesh merging
[2022.09.11-13.34.20:841][  0]LogMeshReduction: No distributed automatic mesh merging module available
[2022.09.11-13.34.20:841][  0]LogMeshMerging: No distributed automatic mesh merging module available
[2022.09.11-13.34.20:861][  0]LogNetVersion: KENDY 1.0.0, NetCL: 17155196, EngineNetVer: 17, GameNetVer: 0 (Checksum: 2569680242)
[2022.09.11-13.34.21:340][  0]LogTexture: Default maximum texture size for cubemaps generated from long-lat sources has been changed from 512 to unlimited. In order to preserve old behaiour for '/Engine/MapTemplates/Sky/DaylightAmbientCubemap.DaylightAmbientCubemap', its maximum texture size has been explicitly set to 512.
[2022.09.11-13.34.21:400][  0]LogHMD: PokeAHoleMaterial loaded successfully
[2022.09.11-13.34.21:406][  0]LogUObjectArray: 17178 objects as part of root set at end of initial load.
[2022.09.11-13.34.21:406][  0]LogUObjectAllocator: 4302048 out of 0 bytes used by permanent object pool.
[2022.09.11-13.34.21:407][  0]LogUObjectArray: CloseDisregardForGC: 0/0 objects in disregard for GC pool
[2022.09.11-13.34.21:592][  0]LogNiagaraDebuggerClient: Niagara Debugger Client Initialized | Session: 6DAA06B74C9BF491FC352F8A3C6219C8 | Instance: 31EF0FFB4BDC8360AAF06EBC90B5C8B6 (DESKTOP-HA28R8U-13576).
[2022.09.11-13.34.21:635][  0]LogPython: Using Python 3.7.7
[2022.09.11-13.34.22:359][  0]LogTcpMessaging: Initializing TcpMessaging bridge
[2022.09.11-13.34.22:363][  0]LogUdpMessaging: Initializing bridge on interface 0.0.0.0:0 to multicast group 230.0.0.1:6666.
[2022.09.11-13.34.22:664][  0]SourceControl: Source control is disabled
[2022.09.11-13.34.22:664][  0]SourceControl: Source control is disabled
[2022.09.11-13.34.22:668][  0]SourceControl: Source control is disabled
[2022.09.11-13.34.22:672][  0]SourceControl: Source control is disabled
[2022.09.11-13.34.22:683][  0]SourceControl: Source control is disabled
[2022.09.11-13.34.22:690][  0]LogUProjectInfo: Found projects:
[2022.09.11-13.34.22:699][  0]LogVSAccessor: Display: Unable to create Visual Studio setup instance: 80040154
[2022.09.11-13.34.22:701][  0]LogVSAccessor: Display: Unable to create Visual Studio setup instance: 80040154
[2022.09.11-13.34.22:702][  0]LogVSAccessor: Display: Unable to create Visual Studio setup instance: 80040154
[2022.09.11-13.34.22:870][  0]LogOpenImageDenoise: OIDN starting up
[2022.09.11-13.34.22:918][  0]LogAndroidPermission: UAndroidPermissionCallbackProxy::GetInstance
[2022.09.11-13.34.22:939][  0]LogAudioCaptureCore: Display: No Audio Capture implementations found. Audio input will be silent.
[2022.09.11-13.34.22:939][  0]LogAudioCaptureCore: Display: No Audio Capture implementations found. Audio input will be silent.
[2022.09.11-13.34.23:173][  0]LogOcInput: OculusInput pre-init called
[2022.09.11-13.34.23:458][  0]LogCollectionManager: Loaded 0 collections in 0.002025 seconds
[2022.09.11-13.34.23:523][  0]LogFileCache: Scanning file cache for directory 'C:/Users/Admin/Documents/GitHub/KENDY/KENDY/Saved/Collections/' took 0.00s
[2022.09.11-13.34.23:523][  0]LogFileCache: Scanning file cache for directory 'C:/Users/Admin/Documents/GitHub/KENDY/KENDY/Content/Developers/Admin/Collections/' took 0.00s
[2022.09.11-13.34.23:523][  0]LogFileCache: Scanning file cache for directory 'C:/Users/Admin/Documents/GitHub/KENDY/KENDY/Content/Collections/' took 0.00s
[2022.09.11-13.34.23:523][  0]LogEngine: Initializing Engine...
[2022.09.11-13.34.23:526][  0]LogHMD: Failed to enumerate extensions. Please check that you have a valid OpenXR runtime installed.
[2022.09.11-13.34.23:526][  0]LogHMD: Failed to initialize OpenVR with code 110
[2022.09.11-13.34.23:526][  0]LogMagicLeap: Warning: VR disabled because ZI is not enabled.  To enable, in the editor, Edit -> Project Settings -> Plugins -> Magic Leap Plugin -> Enable Zero Iteration
[2022.09.11-13.34.23:527][  0]LogStats: UGameplayTagsManager::InitializeManager -  0.000 s
[2022.09.11-13.34.23:662][  0]LogInit: Initializing FReadOnlyCVARCache
[2022.09.11-13.34.23:676][  0]LogAIModule: Creating AISystem for world Untitled
[2022.09.11-13.34.23:715][  0]LogAudio: Display: Initializing Audio Device Manager...
[2022.09.11-13.34.23:719][  0]LogAudio: Display: Loading Default Audio Settings Objects...
[2022.09.11-13.34.23:719][  0]LogAudio: Display: No default SoundConcurrencyObject specified (or failed to load).
[2022.09.11-13.34.23:720][  0]LogAudio: Display: Audio Device Manager Initialized
[2022.09.11-13.34.23:720][  0]LogAudio: Display: Creating Audio Device:                 Id: 1, Scope: Shared, Realtime: True
[2022.09.11-13.34.23:720][  0]LogAudioMixer: Display: Audio Mixer Platform Settings:
[2022.09.11-13.34.23:720][  0]LogAudioMixer: Display: 	Sample Rate:						  48000
[2022.09.11-13.34.23:720][  0]LogAudioMixer: Display: 	Callback Buffer Frame Size Requested: 1024
[2022.09.11-13.34.23:720][  0]LogAudioMixer: Display: 	Callback Buffer Frame Size To Use:	  1024
[2022.09.11-13.34.23:720][  0]LogAudioMixer: Display: 	Number of buffers to queue:			  2
[2022.09.11-13.34.23:720][  0]LogAudioMixer: Display: 	Max Channels (voices):				  32
[2022.09.11-13.34.23:720][  0]LogAudioMixer: Display: 	Number of Async Source Workers:		  0
[2022.09.11-13.34.23:720][  0]LogAudio: Display: AudioDevice MaxSources: 32
[2022.09.11-13.34.23:720][  0]LogAudio: Display: Audio Spatialization Plugin: None (built-in).
[2022.09.11-13.34.23:720][  0]LogAudio: Display: Audio Reverb Plugin: None (built-in).
[2022.09.11-13.34.23:720][  0]LogAudio: Display: Audio Occlusion Plugin: None (built-in).
[2022.09.11-13.34.23:720][  0]LogAudioMixer: Display: Initializing audio mixer.
[2022.09.11-13.34.23:743][  0]LogAudioMixer: Display: 0: FrontLeft
[2022.09.11-13.34.23:743][  0]LogAudioMixer: Display: 1: FrontRight
[2022.09.11-13.34.23:788][  0]LogAudioMixer: Display: Using Audio Device Speakers (2- High Definition Audio Device)
[2022.09.11-13.34.23:792][  0]LogAudioMixer: Display: Initializing Sound Submixes...
[2022.09.11-13.34.23:795][  0]LogAudioMixer: Display: Creating Master Submix 'MasterSubmixDefault'
[2022.09.11-13.34.23:795][  0]LogAudioMixer: Display: Creating Master Submix 'MasterReverbSubmixDefault'
[2022.09.11-13.34.23:796][  0]LogAudioMixer: Display: Creating Master Submix 'MasterEQSubmixDefault'
[2022.09.11-13.34.23:796][  0]LogAudioMixer: FMixerPlatformXAudio2::StartAudioStream() called
[2022.09.11-13.34.23:796][  0]LogAudioMixer: Display: Output buffers initialized: Frames=1024, Channels=2, Samples=2048
[2022.09.11-13.34.23:797][  0]LogAudioMixer: Display: Starting AudioMixerPlatformInterface::RunInternal()
[2022.09.11-13.34.23:797][  0]LogAudioMixer: Display: FMixerPlatformXAudio2::SubmitBuffer() called for the first time
[2022.09.11-13.34.23:797][  0]LogInit: FAudioDevice initialized.
[2022.09.11-13.34.23:798][  0]LogAudio: Display: Audio Device (ID: 1) registered with world 'Untitled'.
[2022.09.11-13.34.23:798][  0]LogNetVersion: Set ProjectVersion to 1.0.0.0. Version Checksum will be recalculated on next use.
[2022.09.11-13.34.23:931][  0]LogDerivedDataCache: Saved boot cache 0.13s 94MB C:/Users/Admin/AppData/Local/UnrealEngine/4.27/DerivedDataCache/Boot.ddc.
[2022.09.11-13.34.23:933][  0]LogInit: Texture streaming: Enabled
[2022.09.11-13.34.23:961][  0]LogAnalytics: Display: [UEEditor.Rocket.Release] APIServer = https://datarouter.ol.epicgames.com/. AppVersion = 4.27.2-18319896+++UE4+Release-4.27
[2022.09.11-13.34.23:968][  0]LogEngineSessionManager: EngineSessionManager initialized
[2022.09.11-13.34.23:968][  0]LogEditorSessionSummary: Verbose: Initializing EditorSessionSummaryWriter for editor session tracking
[2022.09.11-13.34.23:973][  0]LogEditorSessionSummary: EditorSessionSummaryWriter initialized
[2022.09.11-13.34.24:010][  0]LogInit: Transaction tracking system initialized
[2022.09.11-13.34.24:033][  0]BlueprintLog: New page: Editor Load
[2022.09.11-13.34.24:105][  0]LocalizationService: Localization service is disabled
[2022.09.11-13.34.24:130][  0]TimingProfiler: Initialize
[2022.09.11-13.34.24:130][  0]TimingProfiler: OnSessionChanged
[2022.09.11-13.34.24:130][  0]LoadingProfiler: Initialize
[2022.09.11-13.34.24:130][  0]LoadingProfiler: OnSessionChanged
[2022.09.11-13.34.24:130][  0]NetworkingProfiler: Initialize
[2022.09.11-13.34.24:130][  0]NetworkingProfiler: OnSessionChanged
[2022.09.11-13.34.24:130][  0]MemoryProfiler: Initialize
[2022.09.11-13.34.24:130][  0]MemoryProfiler: OnSessionChanged
[2022.09.11-13.34.24:198][  0]LogVSAccessor: Display: Unable to create Visual Studio setup instance: 80040154
[2022.09.11-13.34.24:198][  0]LogVSAccessor: Display: Unable to create Visual Studio setup instance: 80040154
[2022.09.11-13.34.24:199][  0]LogVSAccessor: Display: Unable to create Visual Studio setup instance: 80040154
[2022.09.11-13.34.24:315][  0]LogCook: Display: CookSettings for Memory: MemoryMaxUsedVirtual 0MiB, MemoryMaxUsedPhysical 16384MiB, MemoryMinFreeVirtual 0MiB, MemoryMinFreePhysical 1024MiB
[2022.09.11-13.34.24:315][  0]LogCook: Display: Mobile HDR setting 1
[2022.09.11-13.34.24:527][  0]LogFileCache: Scanning file cache for directory 'C:/Users/Admin/Documents/GitHub/KENDY/KENDY/Content/' took 0.01s
[2022.09.11-13.34.24:792][  0]LogInit: Display: Engine is initialized. Leaving FEngineLoop::Init()
[2022.09.11-13.34.24:796][  0]SourceControl: Source control is disabled
[2022.09.11-13.34.24:796][  0]LogUnrealEdMisc: Loading editor; pre map load, took 8.543
[2022.09.11-13.34.24:796][  0]Cmd: MAP LOAD FILE="../../../../../../Users/Admin/Documents/GitHub/KENDY/KENDY/Content/ThirdPersonBP/Maps/ThirdPersonExampleMap.umap" TEMPLATE=0 SHOWPROGRESS=1 FEATURELEVEL=3
[2022.09.11-13.34.24:796][  0]LightingResults: New page: Lighting Build
[2022.09.11-13.34.24:798][  0]LogWorld: UWorld::CleanupWorld for Untitled, bSessionEnded=true, bCleanupResources=true
[2022.09.11-13.34.24:798][  0]LogSlate: InvalidateAllWidgets triggered.  All widgets were invalidated
[2022.09.11-13.34.24:798][  0]MapCheck: New page: Map Check
[2022.09.11-13.34.24:798][  0]LightingResults: New page: Lighting Build
[2022.09.11-13.34.24:804][  0]LogAudio: Display: Audio Device unregistered from world 'None'.
[2022.09.11-13.34.24:807][  0]LogUObjectHash: Compacting FUObjectHashTables data took   0.98ms
[2022.09.11-13.34.24:873][  0]LogBlueprint: Warning: [AssetLog] C:\Users\Admin\Documents\GitHub\KENDY\KENDY\Content\ThirdPersonBP\Blueprints\ThirdPersonCharacter.uasset: [Compiler] InputAction Event references unknown Action 'ResetVR' for  InputAction ResetVR
[2022.09.11-13.34.25:103][  0]LogAudio: Display: Audio Device (ID: 1) registered with world 'ThirdPersonExampleMap'.
[2022.09.11-13.34.25:104][  0]LogAIModule: Creating AISystem for world ThirdPersonExampleMap
[2022.09.11-13.34.25:116][  0]LogEditorServer: Finished looking for orphan Actors (0.000 secs)
[2022.09.11-13.34.25:157][  0]LogUObjectHash: Compacting FUObjectHashTables data took   1.13ms
[2022.09.11-13.34.25:157][  0]Cmd: MAP CHECKDEP NOCLEARLOG
[2022.09.11-13.34.25:157][  0]MapCheck: Map check complete: 0 Error(s), 0 Warning(s), took 0.167ms to complete.
[2022.09.11-13.34.25:157][  0]LogFileHelpers: Loading map 'ThirdPersonExampleMap' took 0.362
[2022.09.11-13.34.25:160][  0]LogUnrealEdMisc: Total Editor Startup Time, took 8.907
[2022.09.11-13.34.25:317][  0]LogSlate: Updating window title bar state: overlay mode, drag disabled, window buttons hidden, title bar hidden
[2022.09.11-13.34.25:329][  0]LogSlate: Updating window title bar state: overlay mode, drag disabled, window buttons hidden, title bar hidden
[2022.09.11-13.34.25:340][  0]LogSlate: Updating window title bar state: overlay mode, drag disabled, window buttons hidden, title bar hidden
[2022.09.11-13.34.25:350][  0]LogSlate: Updating window title bar state: overlay mode, drag disabled, window buttons hidden, title bar hidden
[2022.09.11-13.34.25:375][  0]LogNativeClassHierarchy: Verbose: Native class hierarchy populated in 0.0164 seconds. Added 3831 classes and 933 folders.
[2022.09.11-13.34.25:384][  0]LogNativeClassHierarchy: Verbose: Native class hierarchy updated for 'WidgetCarousel' in 0.0005 seconds. Added 0 classes and 0 folders.
[2022.09.11-13.34.25:386][  0]LogPakFile: PakFile PrimaryIndexSize=187
[2022.09.11-13.34.25:386][  0]LogPakFile: PakFile PathHashIndexSize=101
[2022.09.11-13.34.25:386][  0]LogPakFile: PakFile FullDirectoryIndexSize=148
[2022.09.11-13.34.25:387][  0]LogShaderLibrary: Display: ShaderCodeLibraryPakFileMountedCallback: PakFile 'C:/Program Files/Epic Games/UE_4.27/FeaturePacks/FP_FirstPerson.upack' (chunk index -1, root 'root:/') mounted
[2022.09.11-13.34.25:387][  0]LogShaderLibrary: Display: ShaderCodeLibraryPakFileMountedCallback: pending pak file info (ChunkID:-1 Root:root:/ File:C:/Program Files/Epic Games/UE_4.27/FeaturePacks/FP_FirstPerson.upack)
[2022.09.11-13.34.25:387][  0]LogPakFile: OnPakFileMounted2Time == 0.000175
[2022.09.11-13.34.25:388][  0]LogPakFile: PakFile PrimaryIndexSize=189
[2022.09.11-13.34.25:388][  0]LogPakFile: PakFile PathHashIndexSize=101
[2022.09.11-13.34.25:388][  0]LogPakFile: PakFile FullDirectoryIndexSize=152
[2022.09.11-13.34.25:388][  0]LogShaderLibrary: Display: ShaderCodeLibraryPakFileMountedCallback: PakFile 'C:/Program Files/Epic Games/UE_4.27/FeaturePacks/FP_FirstPersonBP.upack' (chunk index -1, root 'root:/') mounted
[2022.09.11-13.34.25:388][  0]LogShaderLibrary: Display: ShaderCodeLibraryPakFileMountedCallback: pending pak file info (ChunkID:-1 Root:root:/ File:C:/Program Files/Epic Games/UE_4.27/FeaturePacks/FP_FirstPersonBP.upack)
[2022.09.11-13.34.25:388][  0]LogPakFile: OnPakFileMounted2Time == 0.000058
[2022.09.11-13.34.25:388][  0]LogPakFile: PakFile PrimaryIndexSize=191
[2022.09.11-13.34.25:388][  0]LogPakFile: PakFile PathHashIndexSize=101
[2022.09.11-13.34.25:389][  0]LogPakFile: PakFile FullDirectoryIndexSize=160
[2022.09.11-13.34.25:389][  0]LogShaderLibrary: Display: ShaderCodeLibraryPakFileMountedCallback: PakFile 'C:/Program Files/Epic Games/UE_4.27/FeaturePacks/MobileStarterContent.upack' (chunk index -1, root 'root:/') mounted
[2022.09.11-13.34.25:389][  0]LogShaderLibrary: Display: ShaderCodeLibraryPakFileMountedCallback: pending pak file info (ChunkID:-1 Root:root:/ File:C:/Program Files/Epic Games/UE_4.27/FeaturePacks/MobileStarterContent.upack)
[2022.09.11-13.34.25:389][  0]LogPakFile: OnPakFileMounted2Time == 0.000055
[2022.09.11-13.34.25:389][  0]LogPakFile: PakFile PrimaryIndexSize=185
[2022.09.11-13.34.25:389][  0]LogPakFile: PakFile PathHashIndexSize=101
[2022.09.11-13.34.25:389][  0]LogPakFile: PakFile FullDirectoryIndexSize=148
[2022.09.11-13.34.25:389][  0]LogShaderLibrary: Display: ShaderCodeLibraryPakFileMountedCallback: PakFile 'C:/Program Files/Epic Games/UE_4.27/FeaturePacks/StarterContent.upack' (chunk index -1, root 'root:/') mounted
[2022.09.11-13.34.25:389][  0]LogShaderLibrary: Display: ShaderCodeLibraryPakFileMountedCallback: pending pak file info (ChunkID:-1 Root:root:/ File:C:/Program Files/Epic Games/UE_4.27/FeaturePacks/StarterContent.upack)
[2022.09.11-13.34.25:389][  0]LogPakFile: OnPakFileMounted2Time == 0.000058
[2022.09.11-13.34.25:390][  0]LogPakFile: PakFile PrimaryIndexSize=190
[2022.09.11-13.34.25:390][  0]LogPakFile: PakFile PathHashIndexSize=101
[2022.09.11-13.34.25:390][  0]LogPakFile: PakFile FullDirectoryIndexSize=154
[2022.09.11-13.34.25:390][  0]LogShaderLibrary: Display: ShaderCodeLibraryPakFileMountedCallback: PakFile 'C:/Program Files/Epic Games/UE_4.27/FeaturePacks/TP_2DSideScroller.upack' (chunk index -1, root 'root:/') mounted
[2022.09.11-13.34.25:390][  0]LogShaderLibrary: Display: ShaderCodeLibraryPakFileMountedCallback: pending pak file info (ChunkID:-1 Root:root:/ File:C:/Program Files/Epic Games/UE_4.27/FeaturePacks/TP_2DSideScroller.upack)
[2022.09.11-13.34.25:390][  0]LogPakFile: OnPakFileMounted2Time == 0.000053
[2022.09.11-13.34.25:391][  0]LogPakFile: PakFile PrimaryIndexSize=192
[2022.09.11-13.34.25:391][  0]LogPakFile: PakFile PathHashIndexSize=101
[2022.09.11-13.34.25:391][  0]LogPakFile: PakFile FullDirectoryIndexSize=158
[2022.09.11-13.34.25:391][  0]LogShaderLibrary: Display: ShaderCodeLibraryPakFileMountedCallback: PakFile 'C:/Program Files/Epic Games/UE_4.27/FeaturePacks/TP_2DSideScrollerBP.upack' (chunk index -1, root 'root:/') mounted
[2022.09.11-13.34.25:391][  0]LogShaderLibrary: Display: ShaderCodeLibraryPakFileMountedCallback: pending pak file info (ChunkID:-1 Root:root:/ File:C:/Program Files/Epic Games/UE_4.27/FeaturePacks/TP_2DSideScrollerBP.upack)
[2022.09.11-13.34.25:391][  0]LogPakFile: OnPakFileMounted2Time == 0.000053
[2022.09.11-13.34.25:392][  0]LogPakFile: PakFile PrimaryIndexSize=182
[2022.09.11-13.34.25:392][  0]LogPakFile: PakFile PathHashIndexSize=101
[2022.09.11-13.34.25:392][  0]LogPakFile: PakFile FullDirectoryIndexSize=138
[2022.09.11-13.34.25:392][  0]LogShaderLibrary: Display: ShaderCodeLibraryPakFileMountedCallback: PakFile 'C:/Program Files/Epic Games/UE_4.27/FeaturePacks/TP_Flying.upack' (chunk index -1, root 'root:/') mounted
[2022.09.11-13.34.25:392][  0]LogShaderLibrary: Display: ShaderCodeLibraryPakFileMountedCallback: pending pak file info (ChunkID:-1 Root:root:/ File:C:/Program Files/Epic Games/UE_4.27/FeaturePacks/TP_Flying.upack)
[2022.09.11-13.34.25:392][  0]LogPakFile: OnPakFileMounted2Time == 0.000059
[2022.09.11-13.34.25:393][  0]LogPakFile: PakFile PrimaryIndexSize=184
[2022.09.11-13.34.25:393][  0]LogPakFile: PakFile PathHashIndexSize=101
[2022.09.11-13.34.25:393][  0]LogPakFile: PakFile FullDirectoryIndexSize=142
[2022.09.11-13.34.25:393][  0]LogShaderLibrary: Display: ShaderCodeLibraryPakFileMountedCallback: PakFile 'C:/Program Files/Epic Games/UE_4.27/FeaturePacks/TP_FlyingBP.upack' (chunk index -1, root 'root:/') mounted
[2022.09.11-13.34.25:393][  0]LogShaderLibrary: Display: ShaderCodeLibraryPakFileMountedCallback: pending pak file info (ChunkID:-1 Root:root:/ File:C:/Program Files/Epic Games/UE_4.27/FeaturePacks/TP_FlyingBP.upack)
[2022.09.11-13.34.25:393][  0]LogPakFile: OnPakFileMounted2Time == 0.000059
[2022.09.11-13.34.25:394][  0]LogPakFile: PakFile PrimaryIndexSize=188
[2022.09.11-13.34.25:394][  0]LogPakFile: PakFile PathHashIndexSize=101
[2022.09.11-13.34.25:394][  0]LogPakFile: PakFile FullDirectoryIndexSize=150
[2022.09.11-13.34.25:394][  0]LogShaderLibrary: Display: ShaderCodeLibraryPakFileMountedCallback: PakFile 'C:/Program Files/Epic Games/UE_4.27/FeaturePacks/TP_HandheldARBP.upack' (chunk index -1, root 'root:/') mounted
[2022.09.11-13.34.25:394][  0]LogShaderLibrary: Display: ShaderCodeLibraryPakFileMountedCallback: pending pak file info (ChunkID:-1 Root:root:/ File:C:/Program Files/Epic Games/UE_4.27/FeaturePacks/TP_HandheldARBP.upack)
[2022.09.11-13.34.25:394][  0]LogPakFile: OnPakFileMounted2Time == 0.000049
[2022.09.11-13.34.25:395][  0]LogPakFile: PakFile PrimaryIndexSize=182
[2022.09.11-13.34.25:395][  0]LogPakFile: PakFile PathHashIndexSize=101
[2022.09.11-13.34.25:395][  0]LogPakFile: PakFile FullDirectoryIndexSize=138
[2022.09.11-13.34.25:395][  0]LogShaderLibrary: Display: ShaderCodeLibraryPakFileMountedCallback: PakFile 'C:/Program Files/Epic Games/UE_4.27/FeaturePacks/TP_Puzzle.upack' (chunk index -1, root 'root:/') mounted
[2022.09.11-13.34.25:395][  0]LogShaderLibrary: Display: ShaderCodeLibraryPakFileMountedCallback: pending pak file info (ChunkID:-1 Root:root:/ File:C:/Program Files/Epic Games/UE_4.27/FeaturePacks/TP_Puzzle.upack)
[2022.09.11-13.34.25:395][  0]LogPakFile: OnPakFileMounted2Time == 0.000064
[2022.09.11-13.34.25:396][  0]LogPakFile: PakFile PrimaryIndexSize=184
[2022.09.11-13.34.25:396][  0]LogPakFile: PakFile PathHashIndexSize=101
[2022.09.11-13.34.25:396][  0]LogPakFile: PakFile FullDirectoryIndexSize=142
[2022.09.11-13.34.25:396][  0]LogShaderLibrary: Display: ShaderCodeLibraryPakFileMountedCallback: PakFile 'C:/Program Files/Epic Games/UE_4.27/FeaturePacks/TP_PuzzleBP.upack' (chunk index -1, root 'root:/') mounted
[2022.09.11-13.34.25:396][  0]LogShaderLibrary: Display: ShaderCodeLibraryPakFileMountedCallback: pending pak file info (ChunkID:-1 Root:root:/ File:C:/Program Files/Epic Games/UE_4.27/FeaturePacks/TP_PuzzleBP.upack)
[2022.09.11-13.34.25:396][  0]LogPakFile: OnPakFileMounted2Time == 0.000051
[2022.09.11-13.34.25:397][  0]LogPakFile: PakFile PrimaryIndexSize=183
[2022.09.11-13.34.25:397][  0]LogPakFile: PakFile PathHashIndexSize=101
[2022.09.11-13.34.25:397][  0]LogPakFile: PakFile FullDirectoryIndexSize=140
[2022.09.11-13.34.25:397][  0]LogShaderLibrary: Display: ShaderCodeLibraryPakFileMountedCallback: PakFile 'C:/Program Files/Epic Games/UE_4.27/FeaturePacks/TP_Rolling.upack' (chunk index -1, root 'root:/') mounted
[2022.09.11-13.34.25:397][  0]LogShaderLibrary: Display: ShaderCodeLibraryPakFileMountedCallback: pending pak file info (ChunkID:-1 Root:root:/ File:C:/Program Files/Epic Games/UE_4.27/FeaturePacks/TP_Rolling.upack)
[2022.09.11-13.34.25:397][  0]LogPakFile: OnPakFileMounted2Time == 0.000104
[2022.09.11-13.34.25:398][  0]LogPakFile: PakFile PrimaryIndexSize=185
[2022.09.11-13.34.25:398][  0]LogPakFile: PakFile PathHashIndexSize=101
[2022.09.11-13.34.25:398][  0]LogPakFile: PakFile FullDirectoryIndexSize=144
[2022.09.11-13.34.25:398][  0]LogShaderLibrary: Display: ShaderCodeLibraryPakFileMountedCallback: PakFile 'C:/Program Files/Epic Games/UE_4.27/FeaturePacks/TP_RollingBP.upack' (chunk index -1, root 'root:/') mounted
[2022.09.11-13.34.25:399][  0]LogShaderLibrary: Display: ShaderCodeLibraryPakFileMountedCallback: pending pak file info (ChunkID:-1 Root:root:/ File:C:/Program Files/Epic Games/UE_4.27/FeaturePacks/TP_RollingBP.upack)
[2022.09.11-13.34.25:399][  0]LogPakFile: OnPakFileMounted2Time == 0.000112
[2022.09.11-13.34.25:400][  0]LogPakFile: PakFile PrimaryIndexSize=188
[2022.09.11-13.34.25:400][  0]LogPakFile: PakFile PathHashIndexSize=101
[2022.09.11-13.34.25:400][  0]LogPakFile: PakFile FullDirectoryIndexSize=150
[2022.09.11-13.34.25:400][  0]LogShaderLibrary: Display: ShaderCodeLibraryPakFileMountedCallback: PakFile 'C:/Program Files/Epic Games/UE_4.27/FeaturePacks/TP_SideScroller.upack' (chunk index -1, root 'root:/') mounted
[2022.09.11-13.34.25:400][  0]LogShaderLibrary: Display: ShaderCodeLibraryPakFileMountedCallback: pending pak file info (ChunkID:-1 Root:root:/ File:C:/Program Files/Epic Games/UE_4.27/FeaturePacks/TP_SideScroller.upack)
[2022.09.11-13.34.25:400][  0]LogPakFile: OnPakFileMounted2Time == 0.000149
[2022.09.11-13.34.25:401][  0]LogPakFile: PakFile PrimaryIndexSize=190
[2022.09.11-13.34.25:401][  0]LogPakFile: PakFile PathHashIndexSize=101
[2022.09.11-13.34.25:401][  0]LogPakFile: PakFile FullDirectoryIndexSize=154
[2022.09.11-13.34.25:401][  0]LogShaderLibrary: Display: ShaderCodeLibraryPakFileMountedCallback: PakFile 'C:/Program Files/Epic Games/UE_4.27/FeaturePacks/TP_SideScrollerBP.upack' (chunk index -1, root 'root:/') mounted
[2022.09.11-13.34.25:401][  0]LogShaderLibrary: Display: ShaderCodeLibraryPakFileMountedCallback: pending pak file info (ChunkID:-1 Root:root:/ File:C:/Program Files/Epic Games/UE_4.27/FeaturePacks/TP_SideScrollerBP.upack)
[2022.09.11-13.34.25:401][  0]LogPakFile: OnPakFileMounted2Time == 0.000072
[2022.09.11-13.34.25:401][  0]LogPakFile: PakFile PrimaryIndexSize=187
[2022.09.11-13.34.25:401][  0]LogPakFile: PakFile PathHashIndexSize=101
[2022.09.11-13.34.25:401][  0]LogPakFile: PakFile FullDirectoryIndexSize=148
[2022.09.11-13.34.25:401][  0]LogShaderLibrary: Display: ShaderCodeLibraryPakFileMountedCallback: PakFile 'C:/Program Files/Epic Games/UE_4.27/FeaturePacks/TP_ThirdPerson.upack' (chunk index -1, root 'root:/') mounted
[2022.09.11-13.34.25:402][  0]LogShaderLibrary: Display: ShaderCodeLibraryPakFileMountedCallback: pending pak file info (ChunkID:-1 Root:root:/ File:C:/Program Files/Epic Games/UE_4.27/FeaturePacks/TP_ThirdPerson.upack)
[2022.09.11-13.34.25:402][  0]LogPakFile: OnPakFileMounted2Time == 0.000076
[2022.09.11-13.34.25:402][  0]LogPakFile: PakFile PrimaryIndexSize=189
[2022.09.11-13.34.25:402][  0]LogPakFile: PakFile PathHashIndexSize=101
[2022.09.11-13.34.25:402][  0]LogPakFile: PakFile FullDirectoryIndexSize=152
[2022.09.11-13.34.25:402][  0]LogShaderLibrary: Display: ShaderCodeLibraryPakFileMountedCallback: PakFile 'C:/Program Files/Epic Games/UE_4.27/FeaturePacks/TP_ThirdPersonBP.upack' (chunk index -1, root 'root:/') mounted
[2022.09.11-13.34.25:403][  0]LogShaderLibrary: Display: ShaderCodeLibraryPakFileMountedCallback: pending pak file info (ChunkID:-1 Root:root:/ File:C:/Program Files/Epic Games/UE_4.27/FeaturePacks/TP_ThirdPersonBP.upack)
[2022.09.11-13.34.25:403][  0]LogPakFile: OnPakFileMounted2Time == 0.000095
[2022.09.11-13.34.25:404][  0]LogPakFile: PakFile PrimaryIndexSize=183
[2022.09.11-13.34.25:404][  0]LogPakFile: PakFile PathHashIndexSize=101
[2022.09.11-13.34.25:404][  0]LogPakFile: PakFile FullDirectoryIndexSize=140
[2022.09.11-13.34.25:404][  0]LogShaderLibrary: Display: ShaderCodeLibraryPakFileMountedCallback: PakFile 'C:/Program Files/Epic Games/UE_4.27/FeaturePacks/TP_TopDown.upack' (chunk index -1, root 'root:/') mounted
[2022.09.11-13.34.25:404][  0]LogShaderLibrary: Display: ShaderCodeLibraryPakFileMountedCallback: pending pak file info (ChunkID:-1 Root:root:/ File:C:/Program Files/Epic Games/UE_4.27/FeaturePacks/TP_TopDown.upack)
[2022.09.11-13.34.25:404][  0]LogPakFile: OnPakFileMounted2Time == 0.000100
[2022.09.11-13.34.25:405][  0]LogPakFile: PakFile PrimaryIndexSize=185
[2022.09.11-13.34.25:405][  0]LogPakFile: PakFile PathHashIndexSize=101
[2022.09.11-13.34.25:405][  0]LogPakFile: PakFile FullDirectoryIndexSize=144
[2022.09.11-13.34.25:405][  0]LogShaderLibrary: Display: ShaderCodeLibraryPakFileMountedCallback: PakFile 'C:/Program Files/Epic Games/UE_4.27/FeaturePacks/TP_TopDownBP.upack' (chunk index -1, root 'root:/') mounted
[2022.09.11-13.34.25:405][  0]LogShaderLibrary: Display: ShaderCodeLibraryPakFileMountedCallback: pending pak file info (ChunkID:-1 Root:root:/ File:C:/Program Files/Epic Games/UE_4.27/FeaturePacks/TP_TopDownBP.upack)
[2022.09.11-13.34.25:405][  0]LogPakFile: OnPakFileMounted2Time == 0.000075
[2022.09.11-13.34.25:406][  0]LogPakFile: PakFile PrimaryIndexSize=185
[2022.09.11-13.34.25:406][  0]LogPakFile: PakFile PathHashIndexSize=101
[2022.09.11-13.34.25:406][  0]LogPakFile: PakFile FullDirectoryIndexSize=144
[2022.09.11-13.34.25:406][  0]LogShaderLibrary: Display: ShaderCodeLibraryPakFileMountedCallback: PakFile 'C:/Program Files/Epic Games/UE_4.27/FeaturePacks/TP_TwinStick.upack' (chunk index -1, root 'root:/') mounted
[2022.09.11-13.34.25:406][  0]LogShaderLibrary: Display: ShaderCodeLibraryPakFileMountedCallback: pending pak file info (ChunkID:-1 Root:root:/ File:C:/Program Files/Epic Games/UE_4.27/FeaturePacks/TP_TwinStick.upack)
[2022.09.11-13.34.25:406][  0]LogPakFile: OnPakFileMounted2Time == 0.000048
[2022.09.11-13.34.25:406][  0]LogPakFile: PakFile PrimaryIndexSize=187
[2022.09.11-13.34.25:406][  0]LogPakFile: PakFile PathHashIndexSize=101
[2022.09.11-13.34.25:406][  0]LogPakFile: PakFile FullDirectoryIndexSize=148
[2022.09.11-13.34.25:406][  0]LogShaderLibrary: Display: ShaderCodeLibraryPakFileMountedCallback: PakFile 'C:/Program Files/Epic Games/UE_4.27/FeaturePacks/TP_TwinStickBP.upack' (chunk index -1, root 'root:/') mounted
[2022.09.11-13.34.25:406][  0]LogShaderLibrary: Display: ShaderCodeLibraryPakFileMountedCallback: pending pak file info (ChunkID:-1 Root:root:/ File:C:/Program Files/Epic Games/UE_4.27/FeaturePacks/TP_TwinStickBP.upack)
[2022.09.11-13.34.25:406][  0]LogPakFile: OnPakFileMounted2Time == 0.000053
[2022.09.11-13.34.25:407][  0]LogPakFile: PakFile PrimaryIndexSize=183
[2022.09.11-13.34.25:407][  0]LogPakFile: PakFile PathHashIndexSize=101
[2022.09.11-13.34.25:407][  0]LogPakFile: PakFile FullDirectoryIndexSize=140
[2022.09.11-13.34.25:407][  0]LogShaderLibrary: Display: ShaderCodeLibraryPakFileMountedCallback: PakFile 'C:/Program Files/Epic Games/UE_4.27/FeaturePacks/TP_Vehicle.upack' (chunk index -1, root 'root:/') mounted
[2022.09.11-13.34.25:407][  0]LogShaderLibrary: Display: ShaderCodeLibraryPakFileMountedCallback: pending pak file info (ChunkID:-1 Root:root:/ File:C:/Program Files/Epic Games/UE_4.27/FeaturePacks/TP_Vehicle.upack)
[2022.09.11-13.34.25:407][  0]LogPakFile: OnPakFileMounted2Time == 0.000043
[2022.09.11-13.34.25:408][  0]LogPakFile: PakFile PrimaryIndexSize=186
[2022.09.11-13.34.25:408][  0]LogPakFile: PakFile PathHashIndexSize=101
[2022.09.11-13.34.25:408][  0]LogPakFile: PakFile FullDirectoryIndexSize=146
[2022.09.11-13.34.25:408][  0]LogShaderLibrary: Display: ShaderCodeLibraryPakFileMountedCallback: PakFile 'C:/Program Files/Epic Games/UE_4.27/FeaturePacks/TP_VehicleAdv.upack' (chunk index -1, root 'root:/') mounted
[2022.09.11-13.34.25:408][  0]LogShaderLibrary: Display: ShaderCodeLibraryPakFileMountedCallback: pending pak file info (ChunkID:-1 Root:root:/ File:C:/Program Files/Epic Games/UE_4.27/FeaturePacks/TP_VehicleAdv.upack)
[2022.09.11-13.34.25:408][  0]LogPakFile: OnPakFileMounted2Time == 0.000057
[2022.09.11-13.34.25:409][  0]LogPakFile: PakFile PrimaryIndexSize=188
[2022.09.11-13.34.25:409][  0]LogPakFile: PakFile PathHashIndexSize=101
[2022.09.11-13.34.25:409][  0]LogPakFile: PakFile FullDirectoryIndexSize=150
[2022.09.11-13.34.25:409][  0]LogShaderLibrary: Display: ShaderCodeLibraryPakFileMountedCallback: PakFile 'C:/Program Files/Epic Games/UE_4.27/FeaturePacks/TP_VehicleAdvBP.upack' (chunk index -1, root 'root:/') mounted
[2022.09.11-13.34.25:409][  0]LogShaderLibrary: Display: ShaderCodeLibraryPakFileMountedCallback: pending pak file info (ChunkID:-1 Root:root:/ File:C:/Program Files/Epic Games/UE_4.27/FeaturePacks/TP_VehicleAdvBP.upack)
[2022.09.11-13.34.25:409][  0]LogPakFile: OnPakFileMounted2Time == 0.000126
[2022.09.11-13.34.25:411][  0]LogPakFile: PakFile PrimaryIndexSize=185
[2022.09.11-13.34.25:411][  0]LogPakFile: PakFile PathHashIndexSize=101
[2022.09.11-13.34.25:411][  0]LogPakFile: PakFile FullDirectoryIndexSize=144
[2022.09.11-13.34.25:411][  0]LogShaderLibrary: Display: ShaderCodeLibraryPakFileMountedCallback: PakFile 'C:/Program Files/Epic Games/UE_4.27/FeaturePacks/TP_VehicleBP.upack' (chunk index -1, root 'root:/') mounted
[2022.09.11-13.34.25:411][  0]LogShaderLibrary: Display: ShaderCodeLibraryPakFileMountedCallback: pending pak file info (ChunkID:-1 Root:root:/ File:C:/Program Files/Epic Games/UE_4.27/FeaturePacks/TP_VehicleBP.upack)
[2022.09.11-13.34.25:411][  0]LogPakFile: OnPakFileMounted2Time == 0.000096
[2022.09.11-13.34.25:411][  0]LogPakFile: PakFile PrimaryIndexSize=192
[2022.09.11-13.34.25:412][  0]LogPakFile: PakFile PathHashIndexSize=101
[2022.09.11-13.34.25:412][  0]LogPakFile: PakFile FullDirectoryIndexSize=158
[2022.09.11-13.34.25:412][  0]LogShaderLibrary: Display: ShaderCodeLibraryPakFileMountedCallback: PakFile 'C:/Program Files/Epic Games/UE_4.27/FeaturePacks/TP_VirtualRealityBP.upack' (chunk index -1, root 'root:/') mounted
[2022.09.11-13.34.25:412][  0]LogShaderLibrary: Display: ShaderCodeLibraryPakFileMountedCallback: pending pak file info (ChunkID:-1 Root:root:/ File:C:/Program Files/Epic Games/UE_4.27/FeaturePacks/TP_VirtualRealityBP.upack)
[2022.09.11-13.34.25:412][  0]LogPakFile: OnPakFileMounted2Time == 0.000106
[2022.09.11-13.34.25:489][  0]LogNativeClassHierarchy: Verbose: Native class hierarchy updated for 'AddContentDialog' in 0.0005 seconds. Added 0 classes and 0 folders.
[2022.09.11-13.34.25:491][  0]LogNativeClassHierarchy: Verbose: Native class hierarchy updated for 'SceneOutliner' in 0.0003 seconds. Added 2 classes and 0 folders.
[2022.09.11-13.34.25:608][  0]LogSlate: Took 0.000183 seconds to synchronously load lazily loaded font '../../../Engine/Content/Slate/Fonts/Roboto-Regular.ttf' (155K)
[2022.09.11-13.34.25:610][  0]LogSlate: Took 0.000125 seconds to synchronously load lazily loaded font '../../../Engine/Content/Editor/Slate/Fonts/FontAwesome.ttf' (139K)
[2022.09.11-13.34.25:611][  0]LogSlate: Took 0.000166 seconds to synchronously load lazily loaded font '../../../Engine/Content/Slate/Fonts/Roboto-Bold.ttf' (160K)
[2022.09.11-13.34.25:731][  0]LogRenderer: Reallocating scene render targets to support 584x232 Format 10 NumSamples 1 (Frame:1).
[2022.09.11-13.34.26:305][  0]LogSlate: Took 0.000157 seconds to synchronously load lazily loaded font '../../../Engine/Content/Slate/Fonts/Roboto-Light.ttf' (167K)
[2022.09.11-13.34.26:357][  0]LogNativeClassHierarchy: Verbose: Native class hierarchy updated for 'HierarchicalLODOutliner' in 0.0003 seconds. Added 0 classes and 0 folders.
[2022.09.11-13.34.26:357][  0]LogInput: Warning: Action Jump uses invalid key OculusGo_Left_Trigger_Click.
[2022.09.11-13.34.26:357][  0]LogInput: Warning: Use -RemoveInvalidKeys to remove instances of these keys from the action mapping.
[2022.09.11-13.34.26:357][  0]LogLoad: (Engine Initialization) Total time: 10.10 seconds
[2022.09.11-13.34.26:357][  0]LogLoad: (Engine Initialization) Total Blueprint compile time: 0.00 seconds
[2022.09.11-13.34.26:427][  0]LogAssetRegistry: Asset discovery search completed in 6.0199 seconds
[2022.09.11-13.34.26:434][  0]LogCollectionManager: Fixed up redirectors for 0 collections in 0.000005 seconds (updated 0 objects)
[2022.09.11-13.34.26:436][  0]LogContentStreaming: Texture pool size now 1000 MB
[2022.09.11-13.34.27:435][ 32]LogSlate: Took 0.000322 seconds to synchronously load lazily loaded font '../../../Engine/Content/Slate/Fonts/Roboto-Light.ttf' (167K)
[2022.09.11-13.34.34:948][374]LogUObjectHash: Compacting FUObjectHashTables data took   0.82ms
[2022.09.11-13.34.35:075][374]LogAssetEditorSubsystem: Opening Asset editor for World /Game/KENDY_Map_1/Maps/KENDY_Map_2.KENDY_Map_2
[2022.09.11-13.34.35:075][374]Cmd: MAP LOAD FILE="../../../../../../Users/Admin/Documents/GitHub/KENDY/KENDY/Content/KENDY_Map_1/Maps/KENDY_Map_2.umap" TEMPLATE=0 SHOWPROGRESS=1 FEATURELEVEL=3
[2022.09.11-13.34.35:075][374]LightingResults: New page: Lighting Build
[2022.09.11-13.34.35:075][374]LoadErrors: New page: Loading map: KENDY_Map_2.umap
[2022.09.11-13.34.35:077][374]LogWorld: UWorld::CleanupWorld for ThirdPersonExampleMap, bSessionEnded=true, bCleanupResources=true
[2022.09.11-13.34.35:078][374]LogSlate: InvalidateAllWidgets triggered.  All widgets were invalidated
[2022.09.11-13.34.35:078][374]MapCheck: New page: Map Check
[2022.09.11-13.34.35:078][374]LightingResults: New page: Lighting Build
[2022.09.11-13.34.35:084][374]LogAudio: Display: Audio Device unregistered from world 'None'.
[2022.09.11-13.34.35:181][374]LogUObjectHash: Compacting FUObjectHashTables data took   1.00ms
[2022.09.11-13.34.35:182][374]LogAudio: Display: Audio Device (ID: 1) registered with world 'KENDY_Map_2'.
[2022.09.11-13.34.35:351][374]LogEditorServer: Finished looking for orphan Actors (0.000 secs)
[2022.09.11-13.34.35:351][374]LogAIModule: Creating AISystem for world KENDY_Map_2
[2022.09.11-13.34.35:401][374]LogUObjectHash: Compacting FUObjectHashTables data took   0.81ms
[2022.09.11-13.34.35:409][374]Cmd: MAP CHECKDEP NOCLEARLOG
[2022.09.11-13.34.35:409][374]MapCheck: Map check complete: 0 Error(s), 0 Warning(s), took 0.169ms to complete.
[2022.09.11-13.34.35:409][374]LogFileHelpers: Loading map 'KENDY_Map_2' took 0.335
[2022.09.11-13.34.37:620][475]LogEditorViewport: Clicking on Actor (LMB): BP_Sky_Sphere_C (Sky Sphere)
[2022.09.11-13.34.41:161][626]LogEditorViewport: Clicking on Actor (LMB): Landscape (Landscape)
[2022.09.11-13.34.43:595][727]LogSlate: Took 0.002664 seconds to synchronously load lazily loaded font '../../../Engine/Content/Slate/Fonts/DroidSansFallback.ttf' (3848K)
[2022.09.11-13.34.49:458][827]LogSlate: Last resort fallback font was requested. Font: '../../../Engine/Content/Slate/Fonts/DroidSansFallback.ttf', Character: 'פ (U+05e4)'
[2022.09.11-13.34.49:463][827]LogSlate: Took 0.002789 seconds to synchronously load lazily loaded font '../../../Engine/Content/SlateDebug/Fonts/LastResort.ttf' (5269K)
[2022.09.11-13.34.52:326][859]LogWindowsTextInputMethodSystem: Display: IME system deactivated.
[2022.09.11-13.34.52:326][859]LogWindowsTextInputMethodSystem: Display: IME system deactivated.
[2022.09.11-13.34.52:629][862]LogRenderer: Reallocating scene render targets to support 584x244 Format 10 NumSamples 1 (Frame:39).
[2022.09.11-13.35.46:413][129]LogActorFactory: Actor Factory created SM_pyramid_03
[2022.09.11-13.35.48:880][248]LogActorFactory: Actor Factory created SM_pyramid_03
[2022.09.11-13.35.55:979][551]LogEditorViewport: Clicking on Actor (LMB): Landscape (Landscape)
[2022.09.11-13.36.04:165][896]LogUObjectHash: Compacting FUObjectHashTables data took   1.16ms
[2022.09.11-13.36.04:245][896]LogSavePackage: Moving '../../../../../../Users/Admin/Documents/GitHub/KENDY/KENDY/Saved/KENDY_Map_2A556A24445F9134B6729A79E31E0988A.tmp' to '../../../../../../Users/Admin/Documents/GitHub/KENDY/KENDY/Content/KENDY_Map_1/Maps/KENDY_Map_2.umap'
[2022.09.11-13.36.04:423][896]LogSavePackage: Moving '../../../../../../Users/Admin/Documents/GitHub/KENDY/KENDY/Saved/KENDY_Map_2_BuiltData861BBE274323F9561F799B9D72A6488A.tmp' to '../../../../../../Users/Admin/Documents/GitHub/KENDY/KENDY/Content/KENDY_Map_1/Maps/KENDY_Map_2_BuiltData.uasset'
[2022.09.11-13.36.04:445][896]AssetCheck: New page: Asset Save: multiple assets
[2022.09.11-13.36.04:445][896]LogContentValidation: Display: Validating World /Game/KENDY_Map_1/Maps/KENDY_Map_2.KENDY_Map_2
[2022.09.11-13.36.04:445][896]LogContentValidation: Display: Validating MapBuildDataRegistry /Game/KENDY_Map_1/Maps/KENDY_Map_2_BuiltData.KENDY_Map_2_BuiltData
